{"C:\\Users\\varsh\\Downloads\\skillswap-web\\skillswap.web\\src\\middleware.js": {"path":"C:\\Users\\varsh\\Downloads\\skillswap-web\\skillswap.web\\src\\middleware.js","statementMap":{"0":{"start":{"line":50,"column":13},"end":{"line":50,"column":19}},"1":{"start":{"line":6,"column":22},"end":{"line":6,"column":32}},"2":{"start":{"line":1,"column":29},"end":{"line":1,"column":null}},"3":{"start":{"line":2,"column":35},"end":{"line":2,"column":null}},"4":{"start":{"line":4,"column":18},"end":{"line":4,"column":null}},"5":{"start":{"line":7,"column":17},"end":{"line":7,"column":null}},"6":{"start":{"line":9,"column":19},"end":{"line":25,"column":null}},"7":{"start":{"line":15,"column":10},"end":{"line":15,"column":null}},"8":{"start":{"line":18,"column":10},"end":{"line":18,"column":null}},"9":{"start":{"line":18,"column":52},"end":{"line":18,"column":null}},"10":{"start":{"line":19,"column":10},"end":{"line":19,"column":null}},"11":{"start":{"line":20,"column":10},"end":{"line":21,"column":null}},"12":{"start":{"line":21,"column":12},"end":{"line":21,"column":null}},"13":{"start":{"line":30,"column":6},"end":{"line":30,"column":null}},"14":{"start":{"line":32,"column":15},"end":{"line":32,"column":39}},"15":{"start":{"line":33,"column":20},"end":{"line":33,"column":null}},"16":{"start":{"line":33,"column":42},"end":{"line":33,"column":null}},"17":{"start":{"line":35,"column":2},"end":{"line":39,"column":null}},"18":{"start":{"line":36,"column":16},"end":{"line":36,"column":null}},"19":{"start":{"line":37,"column":4},"end":{"line":37,"column":null}},"20":{"start":{"line":38,"column":4},"end":{"line":38,"column":null}},"21":{"start":{"line":41,"column":2},"end":{"line":45,"column":null}},"22":{"start":{"line":42,"column":16},"end":{"line":42,"column":null}},"23":{"start":{"line":43,"column":4},"end":{"line":43,"column":null}},"24":{"start":{"line":44,"column":4},"end":{"line":44,"column":null}},"25":{"start":{"line":47,"column":2},"end":{"line":47,"column":null}},"26":{"start":{"line":50,"column":22},"end":{"line":52,"column":null}}},"fnMap":{"0":{"name":"middleware","decl":{"start":{"line":6,"column":22},"end":{"line":6,"column":32}},"loc":{"start":{"line":6,"column":40},"end":{"line":48,"column":null}}},"1":{"name":"(anonymous_4)","decl":{"start":{"line":14,"column":8},"end":{"line":14,"column":null}},"loc":{"start":{"line":14,"column":8},"end":{"line":16,"column":null}}},"2":{"name":"(anonymous_5)","decl":{"start":{"line":17,"column":8},"end":{"line":17,"column":15}},"loc":{"start":{"line":17,"column":27},"end":{"line":23,"column":null}}},"3":{"name":"(anonymous_6)","decl":{"start":{"line":18,"column":31},"end":{"line":18,"column":32}},"loc":{"start":{"line":18,"column":52},"end":{"line":18,"column":null}}},"4":{"name":"(anonymous_7)","decl":{"start":{"line":20,"column":31},"end":{"line":20,"column":32}},"loc":{"start":{"line":21,"column":12},"end":{"line":21,"column":null}}},"5":{"name":"(anonymous_8)","decl":{"start":{"line":33,"column":35},"end":{"line":33,"column":36}},"loc":{"start":{"line":33,"column":42},"end":{"line":33,"column":null}}}},"branchMap":{"0":{"loc":{"start":{"line":35,"column":2},"end":{"line":39,"column":null}},"type":"if","locations":[{"start":{"line":35,"column":2},"end":{"line":39,"column":null}}]},"1":{"loc":{"start":{"line":35,"column":6},"end":{"line":35,"column":26}},"type":"binary-expr","locations":[{"start":{"line":35,"column":6},"end":{"line":35,"column":19}},{"start":{"line":35,"column":19},"end":{"line":35,"column":26}}]},"2":{"loc":{"start":{"line":41,"column":2},"end":{"line":45,"column":null}},"type":"if","locations":[{"start":{"line":41,"column":2},"end":{"line":45,"column":null}}]},"3":{"loc":{"start":{"line":41,"column":6},"end":{"line":41,"column":33}},"type":"binary-expr","locations":[{"start":{"line":41,"column":6},"end":{"line":41,"column":27}},{"start":{"line":41,"column":27},"end":{"line":41,"column":33}}]}},"s":{"0":0,"1":0,"2":0,"3":0,"4":0,"5":0,"6":0,"7":0,"8":0,"9":0,"10":0,"11":0,"12":0,"13":0,"14":0,"15":0,"16":0,"17":0,"18":0,"19":0,"20":0,"21":0,"22":0,"23":0,"24":0,"25":0,"26":0},"f":{"0":0,"1":0,"2":0,"3":0,"4":0,"5":0},"b":{"0":[0],"1":[0,0],"2":[0],"3":[0,0]}}
,"C:\\Users\\varsh\\Downloads\\skillswap-web\\skillswap.web\\src\\app\\layout.js": {"path":"C:\\Users\\varsh\\Downloads\\skillswap-web\\skillswap.web\\src\\app\\layout.js","statementMap":{"0":{"start":{"line":8,"column":24},"end":{"line":8,"column":35}},"1":{"start":{"line":3,"column":13},"end":{"line":3,"column":21}},"2":{"start":{"line":1,"column":7},"end":{"line":1,"column":null}},"3":{"start":{"line":3,"column":24},"end":{"line":6,"column":null}}},"fnMap":{"0":{"name":"RootLayout","decl":{"start":{"line":8,"column":24},"end":{"line":8,"column":35}},"loc":{"start":{"line":8,"column":47},"end":{"line":14,"column":1}}}},"branchMap":{},"s":{"0":0,"1":0,"2":0,"3":0},"f":{"0":0},"b":{}}
,"C:\\Users\\varsh\\Downloads\\skillswap-web\\skillswap.web\\src\\app\\page.js": {"path":"C:\\Users\\varsh\\Downloads\\skillswap-web\\skillswap.web\\src\\app\\page.js","statementMap":{"0":{"start":{"line":11,"column":24},"end":{"line":11,"column":null}},"1":{"start":{"line":3,"column":13},"end":{"line":3,"column":20}},"2":{"start":{"line":1,"column":17},"end":{"line":1,"column":null}},"3":{"start":{"line":3,"column":23},"end":{"line":3,"column":null}},"4":{"start":{"line":5,"column":14},"end":{"line":9,"column":null}},"5":{"start":{"line":43,"column":12},"end":{"line":43,"column":27}}},"fnMap":{"0":{"name":"LandingPage","decl":{"start":{"line":11,"column":24},"end":{"line":11,"column":null}},"loc":{"start":{"line":11,"column":24},"end":{"line":69,"column":1}}},"1":{"name":"(anonymous_5)","decl":{"start":{"line":42,"column":21},"end":{"line":42,"column":22}},"loc":{"start":{"line":43,"column":12},"end":{"line":43,"column":27}}}},"branchMap":{},"s":{"0":2,"1":0,"2":1,"3":1,"4":1,"5":6},"f":{"0":2,"1":6},"b":{}}
,"C:\\Users\\varsh\\Downloads\\skillswap-web\\skillswap.web\\src\\app\\browse\\BrowseClient.js": {"path":"C:\\Users\\varsh\\Downloads\\skillswap-web\\skillswap.web\\src\\app\\browse\\BrowseClient.js","statementMap":{"0":{"start":{"line":8,"column":24},"end":{"line":8,"column":null}},"1":{"start":{"line":3,"column":45},"end":{"line":3,"column":null}},"2":{"start":{"line":4,"column":17},"end":{"line":4,"column":null}},"3":{"start":{"line":5,"column":18},"end":{"line":5,"column":null}},"4":{"start":{"line":6,"column":25},"end":{"line":6,"column":null}},"5":{"start":{"line":9,"column":34},"end":{"line":9,"column":null}},"6":{"start":{"line":10,"column":28},"end":{"line":10,"column":null}},"7":{"start":{"line":11,"column":32},"end":{"line":11,"column":null}},"8":{"start":{"line":13,"column":2},"end":{"line":26,"column":null}},"9":{"start":{"line":15,"column":33},"end":{"line":15,"column":null}},"10":{"start":{"line":16,"column":6},"end":{"line":16,"column":null}},"11":{"start":{"line":16,"column":17},"end":{"line":16,"column":null}},"12":{"start":{"line":17,"column":23},"end":{"line":21,"column":null}},"13":{"start":{"line":22,"column":6},"end":{"line":22,"column":null}},"14":{"start":{"line":22,"column":45},"end":{"line":22,"column":null}},"15":{"start":{"line":23,"column":6},"end":{"line":23,"column":null}},"16":{"start":{"line":25,"column":4},"end":{"line":25,"column":null}},"17":{"start":{"line":28,"column":19},"end":{"line":36,"column":null}},"18":{"start":{"line":29,"column":14},"end":{"line":29,"column":null}},"19":{"start":{"line":30,"column":4},"end":{"line":30,"column":null}},"20":{"start":{"line":30,"column":12},"end":{"line":30,"column":null}},"21":{"start":{"line":31,"column":4},"end":{"line":34,"column":null}},"22":{"start":{"line":33,"column":8},"end":{"line":34,"column":null}},"23":{"start":{"line":34,"column":43},"end":{"line":34,"column":null}},"24":{"start":{"line":43,"column":25},"end":{"line":43,"column":null}},"25":{"start":{"line":56,"column":12},"end":{"line":56,"column":29}},"26":{"start":{"line":73,"column":18},"end":{"line":73,"column":32}}},"fnMap":{"0":{"name":"BrowseClient","decl":{"start":{"line":8,"column":24},"end":{"line":8,"column":null}},"loc":{"start":{"line":8,"column":24},"end":{"line":82,"column":null}}},"1":{"name":"(anonymous_3)","decl":{"start":{"line":13,"column":12},"end":{"line":13,"column":null}},"loc":{"start":{"line":13,"column":12},"end":{"line":26,"column":5}}},"2":{"name":"load","decl":{"start":{"line":14,"column":19},"end":{"line":14,"column":null}},"loc":{"start":{"line":14,"column":19},"end":{"line":24,"column":null}}},"3":{"name":"(anonymous_5)","decl":{"start":{"line":22,"column":38},"end":{"line":22,"column":39}},"loc":{"start":{"line":22,"column":45},"end":{"line":22,"column":null}}},"4":{"name":"(anonymous_6)","decl":{"start":{"line":28,"column":27},"end":{"line":28,"column":null}},"loc":{"start":{"line":28,"column":27},"end":{"line":36,"column":5}}},"5":{"name":"(anonymous_7)","decl":{"start":{"line":32,"column":6},"end":{"line":32,"column":7}},"loc":{"start":{"line":33,"column":8},"end":{"line":34,"column":null}}},"6":{"name":"(anonymous_8)","decl":{"start":{"line":34,"column":36},"end":{"line":34,"column":37}},"loc":{"start":{"line":34,"column":43},"end":{"line":34,"column":null}}},"7":{"name":"(anonymous_9)","decl":{"start":{"line":43,"column":18},"end":{"line":43,"column":19}},"loc":{"start":{"line":43,"column":25},"end":{"line":43,"column":null}}},"8":{"name":"(anonymous_10)","decl":{"start":{"line":55,"column":24},"end":{"line":55,"column":25}},"loc":{"start":{"line":56,"column":12},"end":{"line":56,"column":29}}},"9":{"name":"(anonymous_11)","decl":{"start":{"line":72,"column":44},"end":{"line":72,"column":45}},"loc":{"start":{"line":73,"column":18},"end":{"line":73,"column":32}}}},"branchMap":{"0":{"loc":{"start":{"line":16,"column":6},"end":{"line":16,"column":null}},"type":"if","locations":[{"start":{"line":16,"column":6},"end":{"line":16,"column":null}}]},"1":{"loc":{"start":{"line":22,"column":19},"end":{"line":22,"column":28}},"type":"binary-expr","locations":[{"start":{"line":22,"column":19},"end":{"line":22,"column":27}},{"start":{"line":22,"column":27},"end":{"line":22,"column":28}}]},"2":{"loc":{"start":{"line":22,"column":46},"end":{"line":22,"column":65}},"type":"binary-expr","locations":[{"start":{"line":22,"column":46},"end":{"line":22,"column":60}},{"start":{"line":22,"column":64},"end":{"line":22,"column":65}}]},"3":{"loc":{"start":{"line":30,"column":4},"end":{"line":30,"column":null}},"type":"if","locations":[{"start":{"line":30,"column":4},"end":{"line":30,"column":null}}]},"4":{"loc":{"start":{"line":33,"column":8},"end":{"line":34,"column":null}},"type":"binary-expr","locations":[{"start":{"line":33,"column":8},"end":{"line":33,"column":null}},{"start":{"line":34,"column":8},"end":{"line":34,"column":null}}]},"5":{"loc":{"start":{"line":33,"column":9},"end":{"line":33,"column":20}},"type":"binary-expr","locations":[{"start":{"line":33,"column":9},"end":{"line":33,"column":15}},{"start":{"line":33,"column":19},"end":{"line":33,"column":20}}]},"6":{"loc":{"start":{"line":34,"column":9},"end":{"line":34,"column":28}},"type":"binary-expr","locations":[{"start":{"line":34,"column":9},"end":{"line":34,"column":23}},{"start":{"line":34,"column":27},"end":{"line":34,"column":28}}]},"7":{"loc":{"start":{"line":48,"column":8},"end":{"line":49,"column":19}},"type":"cond-expr","locations":[{"start":{"line":48,"column":8},"end":{"line":49,"column":19}}]},"8":{"loc":{"start":{"line":50,"column":8},"end":{"line":54,"column":9}},"type":"cond-expr","locations":[{"start":{"line":50,"column":8},"end":{"line":54,"column":9}}]},"9":{"loc":{"start":{"line":68,"column":15},"end":{"line":68,"column":20}},"type":"binary-expr","locations":[{"start":{"line":68,"column":15},"end":{"line":68,"column":20}}]},"10":{"loc":{"start":{"line":72,"column":18},"end":{"line":72,"column":37}},"type":"binary-expr","locations":[{"start":{"line":72,"column":18},"end":{"line":72,"column":32}},{"start":{"line":72,"column":36},"end":{"line":72,"column":37}}]}},"s":{"0":0,"1":0,"2":0,"3":0,"4":0,"5":0,"6":0,"7":0,"8":0,"9":0,"10":0,"11":0,"12":0,"13":0,"14":0,"15":0,"16":0,"17":0,"18":0,"19":0,"20":0,"21":0,"22":0,"23":0,"24":0,"25":0,"26":0},"f":{"0":0,"1":0,"2":0,"3":0,"4":0,"5":0,"6":0,"7":0,"8":0,"9":0},"b":{"0":[0],"1":[0,0],"2":[0,0],"3":[0],"4":[0,0],"5":[0,0],"6":[0,0],"7":[0],"8":[0],"9":[0],"10":[0,0]}}
,"C:\\Users\\varsh\\Downloads\\skillswap-web\\skillswap.web\\src\\app\\browse\\page.js": {"path":"C:\\Users\\varsh\\Downloads\\skillswap-web\\skillswap.web\\src\\app\\browse\\page.js","statementMap":{"0":{"start":{"line":5,"column":24},"end":{"line":5,"column":null}},"1":{"start":{"line":3,"column":13},"end":{"line":3,"column":20}},"2":{"start":{"line":1,"column":25},"end":{"line":1,"column":null}},"3":{"start":{"line":3,"column":23},"end":{"line":3,"column":null}},"4":{"start":{"line":6,"column":2},"end":{"line":6,"column":null}}},"fnMap":{"0":{"name":"BrowsePage","decl":{"start":{"line":5,"column":24},"end":{"line":5,"column":null}},"loc":{"start":{"line":5,"column":24},"end":{"line":7,"column":1}}}},"branchMap":{},"s":{"0":0,"1":0,"2":0,"3":0,"4":0},"f":{"0":0},"b":{}}
,"C:\\Users\\varsh\\Downloads\\skillswap-web\\skillswap.web\\src\\app\\dashboard\\DashboardClient.js": {"path":"C:\\Users\\varsh\\Downloads\\skillswap-web\\skillswap.web\\src\\app\\dashboard\\DashboardClient.js","statementMap":{"0":{"start":{"line":8,"column":24},"end":{"line":8,"column":null}},"1":{"start":{"line":3,"column":36},"end":{"line":3,"column":null}},"2":{"start":{"line":4,"column":17},"end":{"line":4,"column":null}},"3":{"start":{"line":5,"column":18},"end":{"line":5,"column":null}},"4":{"start":{"line":6,"column":25},"end":{"line":6,"column":null}},"5":{"start":{"line":9,"column":32},"end":{"line":9,"column":null}},"6":{"start":{"line":10,"column":34},"end":{"line":10,"column":null}},"7":{"start":{"line":11,"column":42},"end":{"line":11,"column":null}},"8":{"start":{"line":12,"column":32},"end":{"line":12,"column":null}},"9":{"start":{"line":14,"column":2},"end":{"line":40,"column":null}},"10":{"start":{"line":16,"column":33},"end":{"line":16,"column":null}},"11":{"start":{"line":17,"column":6},"end":{"line":17,"column":null}},"12":{"start":{"line":17,"column":17},"end":{"line":17,"column":null}},"13":{"start":{"line":19,"column":26},"end":{"line":20,"column":null}},"14":{"start":{"line":21,"column":6},"end":{"line":21,"column":null}},"15":{"start":{"line":23,"column":28},"end":{"line":27,"column":null}},"16":{"start":{"line":28,"column":6},"end":{"line":28,"column":null}},"17":{"start":{"line":30,"column":29},"end":{"line":34,"column":null}},"18":{"start":{"line":35,"column":6},"end":{"line":35,"column":null}},"19":{"start":{"line":37,"column":6},"end":{"line":37,"column":null}},"20":{"start":{"line":39,"column":4},"end":{"line":39,"column":null}},"21":{"start":{"line":42,"column":2},"end":{"line":44,"column":null}},"22":{"start":{"line":46,"column":21},"end":{"line":46,"column":null}},"23":{"start":{"line":91,"column":12},"end":{"line":91,"column":28}}},"fnMap":{"0":{"name":"DashboardClient","decl":{"start":{"line":8,"column":24},"end":{"line":8,"column":null}},"loc":{"start":{"line":8,"column":24},"end":{"line":112,"column":null}}},"1":{"name":"(anonymous_3)","decl":{"start":{"line":14,"column":12},"end":{"line":14,"column":null}},"loc":{"start":{"line":14,"column":12},"end":{"line":40,"column":5}}},"2":{"name":"load","decl":{"start":{"line":15,"column":19},"end":{"line":15,"column":null}},"loc":{"start":{"line":15,"column":19},"end":{"line":38,"column":null}}},"3":{"name":"(anonymous_5)","decl":{"start":{"line":90,"column":24},"end":{"line":90,"column":25}},"loc":{"start":{"line":91,"column":12},"end":{"line":91,"column":28}}}},"branchMap":{"0":{"loc":{"start":{"line":17,"column":6},"end":{"line":17,"column":null}},"type":"if","locations":[{"start":{"line":17,"column":6},"end":{"line":17,"column":null}}]},"1":{"loc":{"start":{"line":28,"column":18},"end":{"line":28,"column":27}},"type":"binary-expr","locations":[{"start":{"line":28,"column":18},"end":{"line":28,"column":25}},{"start":{"line":28,"column":25},"end":{"line":28,"column":27}}]},"2":{"loc":{"start":{"line":35,"column":23},"end":{"line":35,"column":32}},"type":"binary-expr","locations":[{"start":{"line":35,"column":23},"end":{"line":35,"column":31}},{"start":{"line":35,"column":31},"end":{"line":35,"column":32}}]},"3":{"loc":{"start":{"line":42,"column":2},"end":{"line":44,"column":null}},"type":"if","locations":[{"start":{"line":42,"column":2},"end":{"line":44,"column":null}}]},"4":{"loc":{"start":{"line":49,"column":28},"end":{"line":49,"column":51}},"type":"binary-expr","locations":[{"start":{"line":49,"column":28},"end":{"line":49,"column":45}},{"start":{"line":49,"column":45},"end":{"line":49,"column":51}}]},"5":{"loc":{"start":{"line":50,"column":7},"end":{"line":50,"column":null}},"type":"binary-expr","locations":[{"start":{"line":50,"column":7},"end":{"line":50,"column":null}}]},"6":{"loc":{"start":{"line":65,"column":60},"end":{"line":65,"column":null}},"type":"binary-expr","locations":[{"start":{"line":65,"column":60},"end":{"line":65,"column":85}},{"start":{"line":65,"column":85},"end":{"line":65,"column":null}}]},"7":{"loc":{"start":{"line":70,"column":50},"end":{"line":70,"column":null}},"type":"binary-expr","locations":[{"start":{"line":70,"column":50},"end":{"line":70,"column":81}},{"start":{"line":70,"column":81},"end":{"line":70,"column":null}}]},"8":{"loc":{"start":{"line":84,"column":8},"end":{"line":89,"column":9}},"type":"cond-expr","locations":[{"start":{"line":84,"column":8},"end":{"line":89,"column":9}}]},"9":{"loc":{"start":{"line":95,"column":19},"end":{"line":97,"column":null}},"type":"cond-expr","locations":[{"start":{"line":96,"column":22},"end":{"line":96,"column":null}},{"start":{"line":97,"column":22},"end":{"line":97,"column":null}}]}},"s":{"0":0,"1":0,"2":0,"3":0,"4":0,"5":0,"6":0,"7":0,"8":0,"9":0,"10":0,"11":0,"12":0,"13":0,"14":0,"15":0,"16":0,"17":0,"18":0,"19":0,"20":0,"21":0,"22":0,"23":0},"f":{"0":0,"1":0,"2":0,"3":0},"b":{"0":[0],"1":[0,0],"2":[0,0],"3":[0],"4":[0,0],"5":[0],"6":[0,0],"7":[0,0],"8":[0],"9":[0,0]}}
,"C:\\Users\\varsh\\Downloads\\skillswap-web\\skillswap.web\\src\\app\\dashboard\\page.js": {"path":"C:\\Users\\varsh\\Downloads\\skillswap-web\\skillswap.web\\src\\app\\dashboard\\page.js","statementMap":{"0":{"start":{"line":5,"column":24},"end":{"line":5,"column":null}},"1":{"start":{"line":3,"column":13},"end":{"line":3,"column":20}},"2":{"start":{"line":1,"column":28},"end":{"line":1,"column":null}},"3":{"start":{"line":3,"column":23},"end":{"line":3,"column":null}},"4":{"start":{"line":6,"column":2},"end":{"line":6,"column":null}}},"fnMap":{"0":{"name":"DashboardPage","decl":{"start":{"line":5,"column":24},"end":{"line":5,"column":null}},"loc":{"start":{"line":5,"column":24},"end":{"line":7,"column":1}}}},"branchMap":{},"s":{"0":0,"1":0,"2":0,"3":0,"4":0},"f":{"0":0},"b":{}}
,"C:\\Users\\varsh\\Downloads\\skillswap-web\\skillswap.web\\src\\app\\login\\LoginClient.js": {"path":"C:\\Users\\varsh\\Downloads\\skillswap-web\\skillswap.web\\src\\app\\login\\LoginClient.js","statementMap":{"0":{"start":{"line":8,"column":24},"end":{"line":8,"column":null}},"1":{"start":{"line":3,"column":25},"end":{"line":3,"column":null}},"2":{"start":{"line":4,"column":26},"end":{"line":4,"column":null}},"3":{"start":{"line":5,"column":17},"end":{"line":5,"column":null}},"4":{"start":{"line":6,"column":25},"end":{"line":6,"column":null}},"5":{"start":{"line":9,"column":17},"end":{"line":9,"column":null}},"6":{"start":{"line":10,"column":26},"end":{"line":10,"column":null}},"7":{"start":{"line":11,"column":26},"end":{"line":11,"column":null}},"8":{"start":{"line":12,"column":28},"end":{"line":12,"column":null}},"9":{"start":{"line":13,"column":34},"end":{"line":13,"column":null}},"10":{"start":{"line":14,"column":28},"end":{"line":14,"column":null}},"11":{"start":{"line":15,"column":26},"end":{"line":15,"column":null}},"12":{"start":{"line":18,"column":4},"end":{"line":18,"column":null}},"13":{"start":{"line":19,"column":4},"end":{"line":19,"column":null}},"14":{"start":{"line":19,"column":29},"end":{"line":19,"column":null}},"15":{"start":{"line":20,"column":4},"end":{"line":20,"column":null}},"16":{"start":{"line":20,"column":29},"end":{"line":20,"column":null}},"17":{"start":{"line":21,"column":4},"end":{"line":21,"column":null}},"18":{"start":{"line":21,"column":43},"end":{"line":21,"column":null}},"19":{"start":{"line":23,"column":4},"end":{"line":23,"column":null}},"20":{"start":{"line":24,"column":4},"end":{"line":43,"column":null}},"21":{"start":{"line":25,"column":6},"end":{"line":37,"column":null}},"22":{"start":{"line":26,"column":26},"end":{"line":30,"column":null}},"23":{"start":{"line":31,"column":8},"end":{"line":31,"column":null}},"24":{"start":{"line":31,"column":19},"end":{"line":31,"column":null}},"25":{"start":{"line":32,"column":8},"end":{"line":32,"column":null}},"26":{"start":{"line":34,"column":26},"end":{"line":34,"column":null}},"27":{"start":{"line":35,"column":8},"end":{"line":35,"column":null}},"28":{"start":{"line":35,"column":19},"end":{"line":35,"column":null}},"29":{"start":{"line":36,"column":8},"end":{"line":36,"column":null}},"30":{"start":{"line":38,"column":6},"end":{"line":38,"column":null}},"31":{"start":{"line":40,"column":6},"end":{"line":40,"column":null}},"32":{"start":{"line":42,"column":6},"end":{"line":42,"column":null}},"33":{"start":{"line":56,"column":29},"end":{"line":56,"column":null}},"34":{"start":{"line":62,"column":29},"end":{"line":62,"column":null}},"35":{"start":{"line":75,"column":33},"end":{"line":75,"column":null}},"36":{"start":{"line":87,"column":31},"end":{"line":87,"column":null}},"37":{"start":{"line":98,"column":31},"end":{"line":98,"column":null}},"38":{"start":{"line":99,"column":32},"end":{"line":99,"column":null}}},"fnMap":{"0":{"name":"LoginClient","decl":{"start":{"line":8,"column":24},"end":{"line":8,"column":null}},"loc":{"start":{"line":8,"column":24},"end":{"line":119,"column":null}}},"1":{"name":"submit","decl":{"start":{"line":17,"column":17},"end":{"line":17,"column":null}},"loc":{"start":{"line":17,"column":17},"end":{"line":44,"column":null}}},"2":{"name":"(anonymous_4)","decl":{"start":{"line":56,"column":23},"end":{"line":56,"column":29}},"loc":{"start":{"line":56,"column":29},"end":{"line":56,"column":null}}},"3":{"name":"(anonymous_5)","decl":{"start":{"line":62,"column":23},"end":{"line":62,"column":29}},"loc":{"start":{"line":62,"column":29},"end":{"line":62,"column":null}}},"4":{"name":"(anonymous_6)","decl":{"start":{"line":75,"column":26},"end":{"line":75,"column":27}},"loc":{"start":{"line":75,"column":33},"end":{"line":75,"column":null}}},"5":{"name":"(anonymous_7)","decl":{"start":{"line":87,"column":24},"end":{"line":87,"column":25}},"loc":{"start":{"line":87,"column":31},"end":{"line":87,"column":null}}},"6":{"name":"(anonymous_8)","decl":{"start":{"line":98,"column":24},"end":{"line":98,"column":25}},"loc":{"start":{"line":98,"column":31},"end":{"line":98,"column":null}}},"7":{"name":"(anonymous_9)","decl":{"start":{"line":99,"column":25},"end":{"line":99,"column":26}},"loc":{"start":{"line":99,"column":32},"end":{"line":99,"column":null}}}},"branchMap":{"0":{"loc":{"start":{"line":19,"column":4},"end":{"line":19,"column":null}},"type":"if","locations":[{"start":{"line":19,"column":4},"end":{"line":19,"column":null}}]},"1":{"loc":{"start":{"line":19,"column":8},"end":{"line":19,"column":29}},"type":"binary-expr","locations":[{"start":{"line":19,"column":8},"end":{"line":19,"column":18}},{"start":{"line":19,"column":18},"end":{"line":19,"column":29}}]},"2":{"loc":{"start":{"line":20,"column":4},"end":{"line":20,"column":null}},"type":"if","locations":[{"start":{"line":20,"column":4},"end":{"line":20,"column":null}}]},"3":{"loc":{"start":{"line":21,"column":4},"end":{"line":21,"column":null}},"type":"if","locations":[{"start":{"line":21,"column":4},"end":{"line":21,"column":null}}]},"4":{"loc":{"start":{"line":21,"column":8},"end":{"line":21,"column":43}},"type":"binary-expr","locations":[{"start":{"line":21,"column":8},"end":{"line":21,"column":29}},{"start":{"line":21,"column":29},"end":{"line":21,"column":43}}]},"5":{"loc":{"start":{"line":25,"column":6},"end":{"line":37,"column":null}},"type":"if","locations":[{"start":{"line":25,"column":6},"end":{"line":37,"column":null}},{"start":{"line":33,"column":13},"end":{"line":37,"column":null}}]},"6":{"loc":{"start":{"line":31,"column":8},"end":{"line":31,"column":null}},"type":"if","locations":[{"start":{"line":31,"column":8},"end":{"line":31,"column":null}}]},"7":{"loc":{"start":{"line":35,"column":8},"end":{"line":35,"column":null}},"type":"if","locations":[{"start":{"line":35,"column":8},"end":{"line":35,"column":null}}]},"8":{"loc":{"start":{"line":40,"column":15},"end":{"line":40,"column":null}},"type":"binary-expr","locations":[{"start":{"line":40,"column":15},"end":{"line":40,"column":24}},{"start":{"line":40,"column":28},"end":{"line":40,"column":null}}]},"9":{"loc":{"start":{"line":57,"column":38},"end":{"line":57,"column":84}},"type":"cond-expr","locations":[{"start":{"line":57,"column":58},"end":{"line":57,"column":74}},{"start":{"line":57,"column":74},"end":{"line":57,"column":84}}]},"10":{"loc":{"start":{"line":63,"column":38},"end":{"line":63,"column":84}},"type":"cond-expr","locations":[{"start":{"line":63,"column":58},"end":{"line":63,"column":74}},{"start":{"line":63,"column":74},"end":{"line":63,"column":84}}]},"11":{"loc":{"start":{"line":69,"column":11},"end":{"line":69,"column":null}},"type":"binary-expr","locations":[{"start":{"line":69,"column":11},"end":{"line":69,"column":null}}]},"12":{"loc":{"start":{"line":99,"column":32},"end":{"line":99,"column":null}},"type":"binary-expr","locations":[{"start":{"line":99,"column":32},"end":{"line":99,"column":53}},{"start":{"line":99,"column":53},"end":{"line":99,"column":null}}]},"13":{"loc":{"start":{"line":104,"column":11},"end":{"line":104,"column":20}},"type":"binary-expr","locations":[{"start":{"line":104,"column":11},"end":{"line":104,"column":20}}]},"14":{"loc":{"start":{"line":107,"column":13},"end":{"line":107,"column":null}},"type":"cond-expr","locations":[{"start":{"line":107,"column":20},"end":{"line":107,"column":39}},{"start":{"line":107,"column":39},"end":{"line":107,"column":null}}]},"15":{"loc":{"start":{"line":107,"column":39},"end":{"line":107,"column":null}},"type":"cond-expr","locations":[{"start":{"line":107,"column":59},"end":{"line":107,"column":78}},{"start":{"line":107,"column":78},"end":{"line":107,"column":null}}]},"16":{"loc":{"start":{"line":110,"column":11},"end":{"line":110,"column":null}},"type":"binary-expr","locations":[{"start":{"line":110,"column":11},"end":{"line":110,"column":null}}]}},"s":{"0":0,"1":0,"2":0,"3":0,"4":0,"5":0,"6":0,"7":0,"8":0,"9":0,"10":0,"11":0,"12":0,"13":0,"14":0,"15":0,"16":0,"17":0,"18":0,"19":0,"20":0,"21":0,"22":0,"23":0,"24":0,"25":0,"26":0,"27":0,"28":0,"29":0,"30":0,"31":0,"32":0,"33":0,"34":0,"35":0,"36":0,"37":0,"38":0},"f":{"0":0,"1":0,"2":0,"3":0,"4":0,"5":0,"6":0,"7":0},"b":{"0":[0],"1":[0,0],"2":[0],"3":[0],"4":[0,0],"5":[0,0],"6":[0],"7":[0],"8":[0,0],"9":[0,0],"10":[0,0],"11":[0],"12":[0,0],"13":[0],"14":[0,0],"15":[0,0],"16":[0]}}
,"C:\\Users\\varsh\\Downloads\\skillswap-web\\skillswap.web\\src\\app\\login\\page.js": {"path":"C:\\Users\\varsh\\Downloads\\skillswap-web\\skillswap.web\\src\\app\\login\\page.js","statementMap":{"0":{"start":{"line":5,"column":24},"end":{"line":5,"column":null}},"1":{"start":{"line":3,"column":13},"end":{"line":3,"column":20}},"2":{"start":{"line":1,"column":24},"end":{"line":1,"column":null}},"3":{"start":{"line":3,"column":23},"end":{"line":3,"column":null}},"4":{"start":{"line":6,"column":2},"end":{"line":6,"column":null}}},"fnMap":{"0":{"name":"LoginPage","decl":{"start":{"line":5,"column":24},"end":{"line":5,"column":null}},"loc":{"start":{"line":5,"column":24},"end":{"line":7,"column":1}}}},"branchMap":{},"s":{"0":0,"1":0,"2":0,"3":0,"4":0},"f":{"0":0},"b":{}}
,"C:\\Users\\varsh\\Downloads\\skillswap-web\\skillswap.web\\src\\app\\profile\\ProfileClient.js": {"path":"C:\\Users\\varsh\\Downloads\\skillswap-web\\skillswap.web\\src\\app\\profile\\ProfileClient.js","statementMap":{"0":{"start":{"line":9,"column":24},"end":{"line":9,"column":null}},"1":{"start":{"line":3,"column":36},"end":{"line":3,"column":null}},"2":{"start":{"line":4,"column":26},"end":{"line":4,"column":null}},"3":{"start":{"line":5,"column":18},"end":{"line":5,"column":null}},"4":{"start":{"line":6,"column":24},"end":{"line":6,"column":null}},"5":{"start":{"line":7,"column":25},"end":{"line":7,"column":null}},"6":{"start":{"line":10,"column":17},"end":{"line":10,"column":null}},"7":{"start":{"line":11,"column":32},"end":{"line":11,"column":null}},"8":{"start":{"line":12,"column":30},"end":{"line":12,"column":null}},"9":{"start":{"line":13,"column":32},"end":{"line":13,"column":null}},"10":{"start":{"line":14,"column":28},"end":{"line":14,"column":null}},"11":{"start":{"line":16,"column":26},"end":{"line":16,"column":null}},"12":{"start":{"line":17,"column":24},"end":{"line":17,"column":null}},"13":{"start":{"line":18,"column":26},"end":{"line":18,"column":null}},"14":{"start":{"line":19,"column":28},"end":{"line":19,"column":null}},"15":{"start":{"line":20,"column":28},"end":{"line":20,"column":null}},"16":{"start":{"line":22,"column":2},"end":{"line":42,"column":null}},"17":{"start":{"line":24,"column":33},"end":{"line":24,"column":null}},"18":{"start":{"line":25,"column":6},"end":{"line":25,"column":null}},"19":{"start":{"line":25,"column":17},"end":{"line":25,"column":null}},"20":{"start":{"line":26,"column":30},"end":{"line":30,"column":null}},"21":{"start":{"line":31,"column":6},"end":{"line":31,"column":null}},"22":{"start":{"line":31,"column":17},"end":{"line":31,"column":null}},"23":{"start":{"line":32,"column":6},"end":{"line":38,"column":null}},"24":{"start":{"line":33,"column":8},"end":{"line":33,"column":null}},"25":{"start":{"line":34,"column":8},"end":{"line":34,"column":null}},"26":{"start":{"line":35,"column":8},"end":{"line":35,"column":null}},"27":{"start":{"line":36,"column":8},"end":{"line":36,"column":null}},"28":{"start":{"line":37,"column":8},"end":{"line":37,"column":null}},"29":{"start":{"line":39,"column":6},"end":{"line":39,"column":null}},"30":{"start":{"line":41,"column":4},"end":{"line":41,"column":null}},"31":{"start":{"line":45,"column":4},"end":{"line":45,"column":null}},"32":{"start":{"line":46,"column":4},"end":{"line":46,"column":null}},"33":{"start":{"line":47,"column":4},"end":{"line":47,"column":null}},"34":{"start":{"line":47,"column":22},"end":{"line":47,"column":null}},"35":{"start":{"line":48,"column":20},"end":{"line":48,"column":null}},"36":{"start":{"line":49,"column":4},"end":{"line":50,"column":null}},"37":{"start":{"line":50,"column":6},"end":{"line":50,"column":null}},"38":{"start":{"line":52,"column":4},"end":{"line":52,"column":null}},"39":{"start":{"line":53,"column":31},"end":{"line":53,"column":null}},"40":{"start":{"line":54,"column":22},"end":{"line":63,"column":null}},"41":{"start":{"line":64,"column":4},"end":{"line":64,"column":null}},"42":{"start":{"line":66,"column":4},"end":{"line":66,"column":null}},"43":{"start":{"line":66,"column":15},"end":{"line":66,"column":null}},"44":{"start":{"line":67,"column":4},"end":{"line":67,"column":null}},"45":{"start":{"line":68,"column":4},"end":{"line":68,"column":null}},"46":{"start":{"line":71,"column":2},"end":{"line":73,"column":null}},"47":{"start":{"line":80,"column":65},"end":{"line":80,"column":null}},"48":{"start":{"line":88,"column":29},"end":{"line":88,"column":null}},"49":{"start":{"line":101,"column":29},"end":{"line":101,"column":null}}},"fnMap":{"0":{"name":"ProfileClient","decl":{"start":{"line":9,"column":24},"end":{"line":9,"column":null}},"loc":{"start":{"line":9,"column":24},"end":{"line":128,"column":null}}},"1":{"name":"(anonymous_3)","decl":{"start":{"line":22,"column":12},"end":{"line":22,"column":null}},"loc":{"start":{"line":22,"column":12},"end":{"line":42,"column":5}}},"2":{"name":"load","decl":{"start":{"line":23,"column":19},"end":{"line":23,"column":null}},"loc":{"start":{"line":23,"column":19},"end":{"line":40,"column":null}}},"3":{"name":"save","decl":{"start":{"line":44,"column":17},"end":{"line":44,"column":null}},"loc":{"start":{"line":44,"column":17},"end":{"line":69,"column":null}}},"4":{"name":"(anonymous_6)","decl":{"start":{"line":80,"column":58},"end":{"line":80,"column":59}},"loc":{"start":{"line":80,"column":65},"end":{"line":80,"column":null}}},"5":{"name":"(anonymous_7)","decl":{"start":{"line":88,"column":22},"end":{"line":88,"column":23}},"loc":{"start":{"line":88,"column":29},"end":{"line":88,"column":null}}},"6":{"name":"(anonymous_8)","decl":{"start":{"line":101,"column":22},"end":{"line":101,"column":23}},"loc":{"start":{"line":101,"column":29},"end":{"line":101,"column":null}}}},"branchMap":{"0":{"loc":{"start":{"line":25,"column":6},"end":{"line":25,"column":null}},"type":"if","locations":[{"start":{"line":25,"column":6},"end":{"line":25,"column":null}}]},"1":{"loc":{"start":{"line":31,"column":6},"end":{"line":31,"column":null}},"type":"if","locations":[{"start":{"line":31,"column":6},"end":{"line":31,"column":null}}]},"2":{"loc":{"start":{"line":32,"column":6},"end":{"line":38,"column":null}},"type":"if","locations":[{"start":{"line":32,"column":6},"end":{"line":38,"column":null}}]},"3":{"loc":{"start":{"line":33,"column":16},"end":{"line":33,"column":null}},"type":"binary-expr","locations":[{"start":{"line":33,"column":16},"end":{"line":33,"column":25}},{"start":{"line":33,"column":29},"end":{"line":33,"column":null}}]},"4":{"loc":{"start":{"line":34,"column":15},"end":{"line":34,"column":null}},"type":"binary-expr","locations":[{"start":{"line":34,"column":15},"end":{"line":34,"column":23}},{"start":{"line":34,"column":27},"end":{"line":34,"column":null}}]},"5":{"loc":{"start":{"line":36,"column":17},"end":{"line":36,"column":40}},"type":"binary-expr","locations":[{"start":{"line":36,"column":17},"end":{"line":36,"column":34}},{"start":{"line":36,"column":38},"end":{"line":36,"column":40}}]},"6":{"loc":{"start":{"line":37,"column":17},"end":{"line":37,"column":40}},"type":"binary-expr","locations":[{"start":{"line":37,"column":17},"end":{"line":37,"column":34}},{"start":{"line":37,"column":38},"end":{"line":37,"column":40}}]},"7":{"loc":{"start":{"line":47,"column":4},"end":{"line":47,"column":null}},"type":"if","locations":[{"start":{"line":47,"column":4},"end":{"line":47,"column":null}}]},"8":{"loc":{"start":{"line":49,"column":4},"end":{"line":50,"column":null}},"type":"if","locations":[{"start":{"line":49,"column":4},"end":{"line":50,"column":null}}]},"9":{"loc":{"start":{"line":49,"column":8},"end":{"line":49,"column":null}},"type":"binary-expr","locations":[{"start":{"line":49,"column":8},"end":{"line":49,"column":26}},{"start":{"line":49,"column":26},"end":{"line":49,"column":41}},{"start":{"line":49,"column":41},"end":{"line":49,"column":null}}]},"10":{"loc":{"start":{"line":66,"column":4},"end":{"line":66,"column":null}},"type":"if","locations":[{"start":{"line":66,"column":4},"end":{"line":66,"column":null}}]},"11":{"loc":{"start":{"line":71,"column":2},"end":{"line":73,"column":null}},"type":"if","locations":[{"start":{"line":71,"column":2},"end":{"line":73,"column":null}}]},"12":{"loc":{"start":{"line":119,"column":9},"end":{"line":119,"column":18}},"type":"binary-expr","locations":[{"start":{"line":119,"column":9},"end":{"line":119,"column":18}}]},"13":{"loc":{"start":{"line":120,"column":9},"end":{"line":120,"column":20}},"type":"binary-expr","locations":[{"start":{"line":120,"column":9},"end":{"line":120,"column":20}}]},"14":{"loc":{"start":{"line":123,"column":11},"end":{"line":123,"column":null}},"type":"cond-expr","locations":[{"start":{"line":123,"column":20},"end":{"line":123,"column":34}},{"start":{"line":123,"column":34},"end":{"line":123,"column":null}}]}},"s":{"0":0,"1":0,"2":0,"3":0,"4":0,"5":0,"6":0,"7":0,"8":0,"9":0,"10":0,"11":0,"12":0,"13":0,"14":0,"15":0,"16":0,"17":0,"18":0,"19":0,"20":0,"21":0,"22":0,"23":0,"24":0,"25":0,"26":0,"27":0,"28":0,"29":0,"30":0,"31":0,"32":0,"33":0,"34":0,"35":0,"36":0,"37":0,"38":0,"39":0,"40":0,"41":0,"42":0,"43":0,"44":0,"45":0,"46":0,"47":0,"48":0,"49":0},"f":{"0":0,"1":0,"2":0,"3":0,"4":0,"5":0,"6":0},"b":{"0":[0],"1":[0],"2":[0],"3":[0,0],"4":[0,0],"5":[0,0],"6":[0,0],"7":[0],"8":[0],"9":[0,0,0],"10":[0],"11":[0],"12":[0],"13":[0],"14":[0,0]}}
,"C:\\Users\\varsh\\Downloads\\skillswap-web\\skillswap.web\\src\\app\\profile\\page.js": {"path":"C:\\Users\\varsh\\Downloads\\skillswap-web\\skillswap.web\\src\\app\\profile\\page.js","statementMap":{"0":{"start":{"line":5,"column":24},"end":{"line":5,"column":null}},"1":{"start":{"line":3,"column":13},"end":{"line":3,"column":20}},"2":{"start":{"line":1,"column":26},"end":{"line":1,"column":null}},"3":{"start":{"line":3,"column":23},"end":{"line":3,"column":null}},"4":{"start":{"line":6,"column":2},"end":{"line":6,"column":null}}},"fnMap":{"0":{"name":"ProfilePage","decl":{"start":{"line":5,"column":24},"end":{"line":5,"column":null}},"loc":{"start":{"line":5,"column":24},"end":{"line":7,"column":1}}}},"branchMap":{},"s":{"0":0,"1":0,"2":0,"3":0,"4":0},"f":{"0":0},"b":{}}
,"C:\\Users\\varsh\\Downloads\\skillswap-web\\skillswap.web\\src\\app\\sessions\\SessionsClient.js": {"path":"C:\\Users\\varsh\\Downloads\\skillswap-web\\skillswap.web\\src\\app\\sessions\\SessionsClient.js","statementMap":{"0":{"start":{"line":14,"column":24},"end":{"line":14,"column":null}},"1":{"start":{"line":3,"column":36},"end":{"line":3,"column":null}},"2":{"start":{"line":4,"column":18},"end":{"line":4,"column":null}},"3":{"start":{"line":5,"column":25},"end":{"line":5,"column":null}},"4":{"start":{"line":7,"column":13},"end":{"line":12,"column":null}},"5":{"start":{"line":15,"column":30},"end":{"line":15,"column":null}},"6":{"start":{"line":16,"column":34},"end":{"line":16,"column":null}},"7":{"start":{"line":17,"column":28},"end":{"line":17,"column":null}},"8":{"start":{"line":18,"column":24},"end":{"line":18,"column":null}},"9":{"start":{"line":19,"column":32},"end":{"line":19,"column":null}},"10":{"start":{"line":20,"column":30},"end":{"line":20,"column":null}},"11":{"start":{"line":21,"column":28},"end":{"line":21,"column":null}},"12":{"start":{"line":22,"column":26},"end":{"line":22,"column":null}},"13":{"start":{"line":25,"column":31},"end":{"line":25,"column":null}},"14":{"start":{"line":26,"column":4},"end":{"line":26,"column":null}},"15":{"start":{"line":26,"column":15},"end":{"line":26,"column":null}},"16":{"start":{"line":27,"column":4},"end":{"line":27,"column":null}},"17":{"start":{"line":29,"column":21},"end":{"line":32,"column":null}},"18":{"start":{"line":33,"column":17},"end":{"line":33,"column":27}},"19":{"start":{"line":34,"column":4},"end":{"line":34,"column":null}},"20":{"start":{"line":36,"column":16},"end":{"line":38,"column":null}},"21":{"start":{"line":37,"column":34},"end":{"line":37,"column":null}},"22":{"start":{"line":38,"column":21},"end":{"line":38,"column":35}},"23":{"start":{"line":40,"column":4},"end":{"line":46,"column":null}},"24":{"start":{"line":41,"column":30},"end":{"line":42,"column":null}},"25":{"start":{"line":43,"column":18},"end":{"line":43,"column":null}},"26":{"start":{"line":44,"column":7},"end":{"line":44,"column":null}},"27":{"start":{"line":44,"column":37},"end":{"line":44,"column":57}},"28":{"start":{"line":45,"column":6},"end":{"line":45,"column":null}},"29":{"start":{"line":47,"column":4},"end":{"line":47,"column":null}},"30":{"start":{"line":50,"column":2},"end":{"line":50,"column":null}},"31":{"start":{"line":50,"column":20},"end":{"line":50,"column":28}},"32":{"start":{"line":53,"column":4},"end":{"line":53,"column":null}},"33":{"start":{"line":54,"column":4},"end":{"line":54,"column":null}},"34":{"start":{"line":55,"column":22},"end":{"line":59,"column":null}},"35":{"start":{"line":60,"column":4},"end":{"line":60,"column":null}},"36":{"start":{"line":61,"column":4},"end":{"line":61,"column":null}},"37":{"start":{"line":62,"column":4},"end":{"line":62,"column":null}},"38":{"start":{"line":62,"column":15},"end":{"line":62,"column":null}},"39":{"start":{"line":63,"column":4},"end":{"line":63,"column":null}},"40":{"start":{"line":67,"column":4},"end":{"line":67,"column":null}},"41":{"start":{"line":68,"column":4},"end":{"line":68,"column":null}},"42":{"start":{"line":69,"column":22},"end":{"line":69,"column":null}},"43":{"start":{"line":70,"column":4},"end":{"line":70,"column":null}},"44":{"start":{"line":71,"column":4},"end":{"line":71,"column":null}},"45":{"start":{"line":71,"column":15},"end":{"line":71,"column":null}},"46":{"start":{"line":72,"column":4},"end":{"line":72,"column":null}},"47":{"start":{"line":75,"column":18},"end":{"line":75,"column":null}},"48":{"start":{"line":75,"column":41},"end":{"line":75,"column":null}},"49":{"start":{"line":77,"column":2},"end":{"line":79,"column":null}},"50":{"start":{"line":85,"column":24},"end":{"line":85,"column":73}},"51":{"start":{"line":85,"column":47},"end":{"line":85,"column":65}},"52":{"start":{"line":86,"column":10},"end":{"line":88,"column":null}},"53":{"start":{"line":89,"column":29},"end":{"line":89,"column":null}},"54":{"start":{"line":105,"column":30},"end":{"line":105,"column":null}},"55":{"start":{"line":106,"column":26},"end":{"line":106,"column":null}},"56":{"start":{"line":107,"column":30},"end":{"line":107,"column":83}},"57":{"start":{"line":108,"column":33},"end":{"line":108,"column":86}},"58":{"start":{"line":110,"column":12},"end":{"line":111,"column":30}},"59":{"start":{"line":148,"column":39},"end":{"line":148,"column":null}},"60":{"start":{"line":153,"column":39},"end":{"line":153,"column":null}},"61":{"start":{"line":160,"column":39},"end":{"line":160,"column":null}},"62":{"start":{"line":183,"column":37},"end":{"line":183,"column":null}}},"fnMap":{"0":{"name":"SessionsClient","decl":{"start":{"line":14,"column":24},"end":{"line":14,"column":null}},"loc":{"start":{"line":14,"column":24},"end":{"line":210,"column":null}}},"1":{"name":"load","decl":{"start":{"line":24,"column":17},"end":{"line":24,"column":null}},"loc":{"start":{"line":24,"column":17},"end":{"line":48,"column":null}}},"2":{"name":"(anonymous_4)","decl":{"start":{"line":37,"column":27},"end":{"line":37,"column":28}},"loc":{"start":{"line":37,"column":34},"end":{"line":37,"column":null}}},"3":{"name":"(anonymous_5)","decl":{"start":{"line":38,"column":13},"end":{"line":38,"column":14}},"loc":{"start":{"line":38,"column":21},"end":{"line":38,"column":35}}},"4":{"name":"(anonymous_6)","decl":{"start":{"line":44,"column":28},"end":{"line":44,"column":29}},"loc":{"start":{"line":44,"column":29},"end":{"line":44,"column":null}}},"5":{"name":"(anonymous_7)","decl":{"start":{"line":50,"column":12},"end":{"line":50,"column":20}},"loc":{"start":{"line":50,"column":12},"end":{"line":50,"column":31}}},"6":{"name":"respond","decl":{"start":{"line":52,"column":17},"end":{"line":52,"column":25}},"loc":{"start":{"line":52,"column":40},"end":{"line":64,"column":null}}},"7":{"name":"confirm","decl":{"start":{"line":66,"column":17},"end":{"line":66,"column":25}},"loc":{"start":{"line":66,"column":32},"end":{"line":73,"column":null}}},"8":{"name":"(anonymous_10)","decl":{"start":{"line":75,"column":34},"end":{"line":75,"column":35}},"loc":{"start":{"line":75,"column":41},"end":{"line":75,"column":null}}},"9":{"name":"(anonymous_11)","decl":{"start":{"line":84,"column":18},"end":{"line":84,"column":19}},"loc":{"start":{"line":84,"column":19},"end":{"line":95,"column":null}}},"10":{"name":"(anonymous_12)","decl":{"start":{"line":85,"column":40},"end":{"line":85,"column":41}},"loc":{"start":{"line":85,"column":47},"end":{"line":85,"column":65}}},"11":{"name":"(anonymous_13)","decl":{"start":{"line":89,"column":23},"end":{"line":89,"column":29}},"loc":{"start":{"line":89,"column":29},"end":{"line":89,"column":null}}},"12":{"name":"(anonymous_14)","decl":{"start":{"line":104,"column":23},"end":{"line":104,"column":24}},"loc":{"start":{"line":104,"column":24},"end":{"line":205,"column":null}}},"13":{"name":"(anonymous_15)","decl":{"start":{"line":148,"column":32},"end":{"line":148,"column":33}},"loc":{"start":{"line":148,"column":39},"end":{"line":148,"column":null}}},"14":{"name":"(anonymous_16)","decl":{"start":{"line":153,"column":33},"end":{"line":153,"column":39}},"loc":{"start":{"line":153,"column":39},"end":{"line":153,"column":null}}},"15":{"name":"(anonymous_17)","decl":{"start":{"line":160,"column":33},"end":{"line":160,"column":39}},"loc":{"start":{"line":160,"column":39},"end":{"line":160,"column":null}}},"16":{"name":"(anonymous_18)","decl":{"start":{"line":183,"column":31},"end":{"line":183,"column":37}},"loc":{"start":{"line":183,"column":37},"end":{"line":183,"column":null}}}},"branchMap":{"0":{"loc":{"start":{"line":26,"column":4},"end":{"line":26,"column":null}},"type":"if","locations":[{"start":{"line":26,"column":4},"end":{"line":26,"column":null}}]},"1":{"loc":{"start":{"line":33,"column":17},"end":{"line":33,"column":27}},"type":"binary-expr","locations":[{"start":{"line":33,"column":17},"end":{"line":33,"column":25}},{"start":{"line":33,"column":25},"end":{"line":33,"column":27}}]},"2":{"loc":{"start":{"line":40,"column":4},"end":{"line":46,"column":null}},"type":"if","locations":[{"start":{"line":40,"column":4},"end":{"line":46,"column":null}}]},"3":{"loc":{"start":{"line":44,"column":7},"end":{"line":44,"column":17}},"type":"binary-expr","locations":[{"start":{"line":44,"column":7},"end":{"line":44,"column":16}},{"start":{"line":44,"column":16},"end":{"line":44,"column":17}}]},"4":{"loc":{"start":{"line":58,"column":22},"end":{"line":58,"column":null}},"type":"cond-expr","locations":[{"start":{"line":58,"column":31},"end":{"line":58,"column":38}},{"start":{"line":58,"column":38},"end":{"line":58,"column":null}}]},"5":{"loc":{"start":{"line":62,"column":4},"end":{"line":62,"column":null}},"type":"if","locations":[{"start":{"line":62,"column":4},"end":{"line":62,"column":null}}]},"6":{"loc":{"start":{"line":71,"column":4},"end":{"line":71,"column":null}},"type":"if","locations":[{"start":{"line":71,"column":4},"end":{"line":71,"column":null}}]},"7":{"loc":{"start":{"line":77,"column":2},"end":{"line":79,"column":null}},"type":"if","locations":[{"start":{"line":77,"column":2},"end":{"line":79,"column":null}}]},"8":{"loc":{"start":{"line":90,"column":25},"end":{"line":90,"column":null}},"type":"cond-expr","locations":[{"start":{"line":90,"column":41},"end":{"line":90,"column":57}},{"start":{"line":90,"column":57},"end":{"line":90,"column":null}}]},"9":{"loc":{"start":{"line":98,"column":7},"end":{"line":98,"column":16}},"type":"binary-expr","locations":[{"start":{"line":98,"column":7},"end":{"line":98,"column":16}}]},"10":{"loc":{"start":{"line":101,"column":8},"end":{"line":103,"column":9}},"type":"cond-expr","locations":[{"start":{"line":101,"column":8},"end":{"line":103,"column":9}}]},"11":{"loc":{"start":{"line":106,"column":26},"end":{"line":106,"column":null}},"type":"binary-expr","locations":[{"start":{"line":106,"column":26},"end":{"line":106,"column":72}},{"start":{"line":106,"column":76},"end":{"line":106,"column":null}}]},"12":{"loc":{"start":{"line":106,"column":32},"end":{"line":106,"column":71}},"type":"cond-expr","locations":[{"start":{"line":106,"column":44},"end":{"line":106,"column":56}},{"start":{"line":106,"column":59},"end":{"line":106,"column":71}}]},"13":{"loc":{"start":{"line":107,"column":30},"end":{"line":107,"column":83}},"type":"cond-expr","locations":[{"start":{"line":107,"column":42},"end":{"line":107,"column":61}},{"start":{"line":107,"column":64},"end":{"line":107,"column":83}}]},"14":{"loc":{"start":{"line":108,"column":33},"end":{"line":108,"column":86}},"type":"cond-expr","locations":[{"start":{"line":108,"column":45},"end":{"line":108,"column":64}},{"start":{"line":108,"column":67},"end":{"line":108,"column":86}}]},"15":{"loc":{"start":{"line":116,"column":23},"end":{"line":116,"column":null}},"type":"cond-expr","locations":[{"start":{"line":116,"column":35},"end":{"line":116,"column":58}},{"start":{"line":116,"column":58},"end":{"line":116,"column":null}}]},"16":{"loc":{"start":{"line":120,"column":21},"end":{"line":120,"column":44}},"type":"cond-expr","locations":[{"start":{"line":120,"column":33},"end":{"line":120,"column":39}},{"start":{"line":120,"column":39},"end":{"line":120,"column":44}}]},"17":{"loc":{"start":{"line":124,"column":17},"end":{"line":124,"column":33}},"type":"binary-expr","locations":[{"start":{"line":124,"column":17},"end":{"line":124,"column":33}}]},"18":{"loc":{"start":{"line":129,"column":17},"end":{"line":129,"column":26}},"type":"binary-expr","locations":[{"start":{"line":129,"column":17},"end":{"line":129,"column":26}}]},"19":{"loc":{"start":{"line":132,"column":17},"end":{"line":132,"column":31}},"type":"binary-expr","locations":[{"start":{"line":132,"column":17},"end":{"line":132,"column":31}}]},"20":{"loc":{"start":{"line":143,"column":17},"end":{"line":143,"column":43}},"type":"binary-expr","locations":[{"start":{"line":143,"column":17},"end":{"line":143,"column":43}},{"start":{"line":143,"column":43},"end":{"line":143,"column":null}}]},"21":{"loc":{"start":{"line":170,"column":17},"end":{"line":170,"column":43}},"type":"binary-expr","locations":[{"start":{"line":170,"column":17},"end":{"line":170,"column":43}},{"start":{"line":170,"column":43},"end":{"line":170,"column":null}}]},"22":{"loc":{"start":{"line":176,"column":17},"end":{"line":176,"column":null}},"type":"binary-expr","locations":[{"start":{"line":176,"column":17},"end":{"line":176,"column":null}}]},"23":{"loc":{"start":{"line":179,"column":28},"end":{"line":179,"column":70}},"type":"cond-expr","locations":[{"start":{"line":179,"column":40},"end":{"line":179,"column":54}},{"start":{"line":179,"column":54},"end":{"line":179,"column":70}}]},"24":{"loc":{"start":{"line":180,"column":23},"end":{"line":180,"column":null}},"type":"cond-expr","locations":[{"start":{"line":180,"column":38},"end":{"line":180,"column":52}},{"start":{"line":180,"column":52},"end":{"line":180,"column":null}}]},"25":{"loc":{"start":{"line":184,"column":32},"end":{"line":184,"column":60}},"type":"binary-expr","locations":[{"start":{"line":184,"column":32},"end":{"line":184,"column":45}},{"start":{"line":184,"column":45},"end":{"line":184,"column":60}}]},"26":{"loc":{"start":{"line":187,"column":23},"end":{"line":187,"column":null}},"type":"cond-expr","locations":[{"start":{"line":187,"column":35},"end":{"line":187,"column":60}},{"start":{"line":187,"column":60},"end":{"line":187,"column":null}}]},"27":{"loc":{"start":{"line":192,"column":17},"end":{"line":192,"column":null}},"type":"binary-expr","locations":[{"start":{"line":192,"column":17},"end":{"line":192,"column":null}}]},"28":{"loc":{"start":{"line":194,"column":32},"end":{"line":194,"column":null}},"type":"cond-expr","locations":[{"start":{"line":194,"column":44},"end":{"line":194,"column":67}},{"start":{"line":194,"column":67},"end":{"line":194,"column":null}}]},"29":{"loc":{"start":{"line":198,"column":17},"end":{"line":198,"column":null}},"type":"binary-expr","locations":[{"start":{"line":198,"column":17},"end":{"line":198,"column":null}}]},"30":{"loc":{"start":{"line":200,"column":31},"end":{"line":200,"column":null}},"type":"cond-expr","locations":[{"start":{"line":200,"column":43},"end":{"line":200,"column":69}},{"start":{"line":200,"column":69},"end":{"line":200,"column":null}}]}},"s":{"0":0,"1":0,"2":0,"3":0,"4":0,"5":0,"6":0,"7":0,"8":0,"9":0,"10":0,"11":0,"12":0,"13":0,"14":0,"15":0,"16":0,"17":0,"18":0,"19":0,"20":0,"21":0,"22":0,"23":0,"24":0,"25":0,"26":0,"27":0,"28":0,"29":0,"30":0,"31":0,"32":0,"33":0,"34":0,"35":0,"36":0,"37":0,"38":0,"39":0,"40":0,"41":0,"42":0,"43":0,"44":0,"45":0,"46":0,"47":0,"48":0,"49":0,"50":0,"51":0,"52":0,"53":0,"54":0,"55":0,"56":0,"57":0,"58":0,"59":0,"60":0,"61":0,"62":0},"f":{"0":0,"1":0,"2":0,"3":0,"4":0,"5":0,"6":0,"7":0,"8":0,"9":0,"10":0,"11":0,"12":0,"13":0,"14":0,"15":0,"16":0},"b":{"0":[0],"1":[0,0],"2":[0],"3":[0,0],"4":[0,0],"5":[0],"6":[0],"7":[0],"8":[0,0],"9":[0],"10":[0],"11":[0,0],"12":[0,0],"13":[0,0],"14":[0,0],"15":[0,0],"16":[0,0],"17":[0],"18":[0],"19":[0],"20":[0,0],"21":[0,0],"22":[0],"23":[0,0],"24":[0,0],"25":[0,0],"26":[0,0],"27":[0],"28":[0,0],"29":[0],"30":[0,0]}}
,"C:\\Users\\varsh\\Downloads\\skillswap-web\\skillswap.web\\src\\app\\sessions\\page.js": {"path":"C:\\Users\\varsh\\Downloads\\skillswap-web\\skillswap.web\\src\\app\\sessions\\page.js","statementMap":{"0":{"start":{"line":5,"column":24},"end":{"line":5,"column":null}},"1":{"start":{"line":3,"column":13},"end":{"line":3,"column":20}},"2":{"start":{"line":1,"column":27},"end":{"line":1,"column":null}},"3":{"start":{"line":3,"column":23},"end":{"line":3,"column":null}},"4":{"start":{"line":6,"column":2},"end":{"line":6,"column":null}}},"fnMap":{"0":{"name":"SessionsPage","decl":{"start":{"line":5,"column":24},"end":{"line":5,"column":null}},"loc":{"start":{"line":5,"column":24},"end":{"line":7,"column":1}}}},"branchMap":{},"s":{"0":0,"1":0,"2":0,"3":0,"4":0},"f":{"0":0},"b":{}}
,"C:\\Users\\varsh\\Downloads\\skillswap-web\\skillswap.web\\src\\app\\teacher\\[id]\\TeacherClient.js": {"path":"C:\\Users\\varsh\\Downloads\\skillswap-web\\skillswap.web\\src\\app\\teacher\\[id]\\TeacherClient.js","statementMap":{"0":{"start":{"line":8,"column":24},"end":{"line":8,"column":38}},"1":{"start":{"line":3,"column":36},"end":{"line":3,"column":null}},"2":{"start":{"line":4,"column":26},"end":{"line":4,"column":null}},"3":{"start":{"line":5,"column":18},"end":{"line":5,"column":null}},"4":{"start":{"line":6,"column":25},"end":{"line":6,"column":null}},"5":{"start":{"line":9,"column":17},"end":{"line":9,"column":null}},"6":{"start":{"line":10,"column":32},"end":{"line":10,"column":null}},"7":{"start":{"line":11,"column":36},"end":{"line":11,"column":null}},"8":{"start":{"line":12,"column":32},"end":{"line":12,"column":null}},"9":{"start":{"line":14,"column":28},"end":{"line":14,"column":null}},"10":{"start":{"line":15,"column":32},"end":{"line":15,"column":null}},"11":{"start":{"line":16,"column":26},"end":{"line":16,"column":null}},"12":{"start":{"line":17,"column":28},"end":{"line":17,"column":null}},"13":{"start":{"line":18,"column":26},"end":{"line":18,"column":null}},"14":{"start":{"line":20,"column":2},"end":{"line":36,"column":null}},"15":{"start":{"line":22,"column":33},"end":{"line":22,"column":null}},"16":{"start":{"line":23,"column":6},"end":{"line":23,"column":null}},"17":{"start":{"line":23,"column":17},"end":{"line":23,"column":null}},"18":{"start":{"line":25,"column":27},"end":{"line":26,"column":null}},"19":{"start":{"line":27,"column":6},"end":{"line":27,"column":null}},"20":{"start":{"line":29,"column":26},"end":{"line":30,"column":null}},"21":{"start":{"line":31,"column":6},"end":{"line":31,"column":null}},"22":{"start":{"line":32,"column":6},"end":{"line":32,"column":null}},"23":{"start":{"line":33,"column":6},"end":{"line":33,"column":null}},"24":{"start":{"line":35,"column":4},"end":{"line":35,"column":null}},"25":{"start":{"line":39,"column":4},"end":{"line":39,"column":null}},"26":{"start":{"line":40,"column":4},"end":{"line":40,"column":null}},"27":{"start":{"line":40,"column":16},"end":{"line":40,"column":null}},"28":{"start":{"line":41,"column":4},"end":{"line":41,"column":null}},"29":{"start":{"line":42,"column":22},"end":{"line":48,"column":null}},"30":{"start":{"line":49,"column":4},"end":{"line":49,"column":null}},"31":{"start":{"line":50,"column":4},"end":{"line":50,"column":null}},"32":{"start":{"line":50,"column":15},"end":{"line":50,"column":null}},"33":{"start":{"line":51,"column":4},"end":{"line":51,"column":null}},"34":{"start":{"line":52,"column":4},"end":{"line":52,"column":null}},"35":{"start":{"line":58,"column":18},"end":{"line":58,"column":54}},"36":{"start":{"line":80,"column":14},"end":{"line":80,"column":28}},"37":{"start":{"line":89,"column":18},"end":{"line":89,"column":32}},"38":{"start":{"line":101,"column":69},"end":{"line":101,"column":null}},"39":{"start":{"line":103,"column":16},"end":{"line":103,"column":32}},"40":{"start":{"line":114,"column":31},"end":{"line":114,"column":null}},"41":{"start":{"line":123,"column":31},"end":{"line":123,"column":null}}},"fnMap":{"0":{"name":"TeacherClient","decl":{"start":{"line":8,"column":24},"end":{"line":8,"column":38}},"loc":{"start":{"line":8,"column":51},"end":{"line":148,"column":null}}},"1":{"name":"(anonymous_3)","decl":{"start":{"line":20,"column":12},"end":{"line":20,"column":null}},"loc":{"start":{"line":20,"column":12},"end":{"line":36,"column":5}}},"2":{"name":"load","decl":{"start":{"line":21,"column":19},"end":{"line":21,"column":null}},"loc":{"start":{"line":21,"column":19},"end":{"line":34,"column":null}}},"3":{"name":"request","decl":{"start":{"line":38,"column":17},"end":{"line":38,"column":null}},"loc":{"start":{"line":38,"column":17},"end":{"line":53,"column":null}}},"4":{"name":"(anonymous_6)","decl":{"start":{"line":79,"column":46},"end":{"line":79,"column":47}},"loc":{"start":{"line":80,"column":14},"end":{"line":80,"column":28}}},"5":{"name":"(anonymous_7)","decl":{"start":{"line":88,"column":42},"end":{"line":88,"column":43}},"loc":{"start":{"line":89,"column":18},"end":{"line":89,"column":32}}},"6":{"name":"(anonymous_8)","decl":{"start":{"line":101,"column":62},"end":{"line":101,"column":63}},"loc":{"start":{"line":101,"column":69},"end":{"line":101,"column":null}}},"7":{"name":"(anonymous_9)","decl":{"start":{"line":102,"column":48},"end":{"line":102,"column":49}},"loc":{"start":{"line":103,"column":16},"end":{"line":103,"column":32}}},"8":{"name":"(anonymous_10)","decl":{"start":{"line":114,"column":24},"end":{"line":114,"column":25}},"loc":{"start":{"line":114,"column":31},"end":{"line":114,"column":null}}},"9":{"name":"(anonymous_11)","decl":{"start":{"line":123,"column":24},"end":{"line":123,"column":25}},"loc":{"start":{"line":123,"column":31},"end":{"line":123,"column":null}}}},"branchMap":{"0":{"loc":{"start":{"line":23,"column":6},"end":{"line":23,"column":null}},"type":"if","locations":[{"start":{"line":23,"column":6},"end":{"line":23,"column":null}}]},"1":{"loc":{"start":{"line":27,"column":19},"end":{"line":27,"column":null}},"type":"binary-expr","locations":[{"start":{"line":27,"column":19},"end":{"line":27,"column":39}},{"start":{"line":27,"column":39},"end":{"line":27,"column":null}}]},"2":{"loc":{"start":{"line":32,"column":15},"end":{"line":32,"column":null}},"type":"binary-expr","locations":[{"start":{"line":32,"column":15},"end":{"line":32,"column":41}},{"start":{"line":32,"column":45},"end":{"line":32,"column":null}}]},"3":{"loc":{"start":{"line":32,"column":16},"end":{"line":32,"column":36}},"type":"binary-expr","locations":[{"start":{"line":32,"column":16},"end":{"line":32,"column":35}},{"start":{"line":32,"column":35},"end":{"line":32,"column":36}}]},"4":{"loc":{"start":{"line":40,"column":4},"end":{"line":40,"column":null}},"type":"if","locations":[{"start":{"line":40,"column":4},"end":{"line":40,"column":null}}]},"5":{"loc":{"start":{"line":46,"column":24},"end":{"line":46,"column":null}},"type":"cond-expr","locations":[{"start":{"line":46,"column":31},"end":{"line":46,"column":62}},{"start":{"line":46,"column":62},"end":{"line":46,"column":null}}]},"6":{"loc":{"start":{"line":50,"column":4},"end":{"line":50,"column":null}},"type":"if","locations":[{"start":{"line":50,"column":4},"end":{"line":50,"column":null}}]},"7":{"loc":{"start":{"line":75,"column":11},"end":{"line":75,"column":22}},"type":"binary-expr","locations":[{"start":{"line":75,"column":11},"end":{"line":75,"column":22}}]},"8":{"loc":{"start":{"line":79,"column":14},"end":{"line":79,"column":39}},"type":"binary-expr","locations":[{"start":{"line":79,"column":14},"end":{"line":79,"column":34}},{"start":{"line":79,"column":38},"end":{"line":79,"column":39}}]},"9":{"loc":{"start":{"line":84,"column":12},"end":{"line":84,"column":null}},"type":"binary-expr","locations":[{"start":{"line":84,"column":12},"end":{"line":84,"column":null}}]},"10":{"loc":{"start":{"line":84,"column":12},"end":{"line":84,"column":37}},"type":"binary-expr","locations":[{"start":{"line":84,"column":12},"end":{"line":84,"column":32}},{"start":{"line":84,"column":36},"end":{"line":84,"column":37}}]},"11":{"loc":{"start":{"line":102,"column":16},"end":{"line":102,"column":41}},"type":"binary-expr","locations":[{"start":{"line":102,"column":16},"end":{"line":102,"column":36}},{"start":{"line":102,"column":40},"end":{"line":102,"column":41}}]},"12":{"loc":{"start":{"line":135,"column":11},"end":{"line":135,"column":20}},"type":"binary-expr","locations":[{"start":{"line":135,"column":11},"end":{"line":135,"column":20}}]},"13":{"loc":{"start":{"line":137,"column":46},"end":{"line":137,"column":63}},"type":"binary-expr","locations":[{"start":{"line":137,"column":46},"end":{"line":137,"column":54}},{"start":{"line":137,"column":54},"end":{"line":137,"column":63}}]},"14":{"loc":{"start":{"line":138,"column":13},"end":{"line":142,"column":null}},"type":"cond-expr","locations":[{"start":{"line":139,"column":16},"end":{"line":139,"column":null}},{"start":{"line":140,"column":16},"end":{"line":142,"column":null}}]},"15":{"loc":{"start":{"line":140,"column":16},"end":{"line":142,"column":null}},"type":"cond-expr","locations":[{"start":{"line":141,"column":16},"end":{"line":141,"column":null}},{"start":{"line":142,"column":16},"end":{"line":142,"column":null}}]}},"s":{"0":0,"1":0,"2":0,"3":0,"4":0,"5":0,"6":0,"7":0,"8":0,"9":0,"10":0,"11":0,"12":0,"13":0,"14":0,"15":0,"16":0,"17":0,"18":0,"19":0,"20":0,"21":0,"22":0,"23":0,"24":0,"25":0,"26":0,"27":0,"28":0,"29":0,"30":0,"31":0,"32":0,"33":0,"34":0,"35":0,"36":0,"37":0,"38":0,"39":0,"40":0,"41":0},"f":{"0":0,"1":0,"2":0,"3":0,"4":0,"5":0,"6":0,"7":0,"8":0,"9":0},"b":{"0":[0],"1":[0,0],"2":[0,0],"3":[0,0],"4":[0],"5":[0,0],"6":[0],"7":[0],"8":[0,0],"9":[0],"10":[0,0],"11":[0,0],"12":[0],"13":[0,0],"14":[0,0],"15":[0,0]}}
,"C:\\Users\\varsh\\Downloads\\skillswap-web\\skillswap.web\\src\\app\\teacher\\[id]\\page.js": {"path":"C:\\Users\\varsh\\Downloads\\skillswap-web\\skillswap.web\\src\\app\\teacher\\[id]\\page.js","statementMap":{"0":{"start":{"line":5,"column":24},"end":{"line":5,"column":36}},"1":{"start":{"line":3,"column":13},"end":{"line":3,"column":20}},"2":{"start":{"line":1,"column":26},"end":{"line":1,"column":null}},"3":{"start":{"line":3,"column":23},"end":{"line":3,"column":null}}},"fnMap":{"0":{"name":"TeacherPage","decl":{"start":{"line":5,"column":24},"end":{"line":5,"column":36}},"loc":{"start":{"line":5,"column":46},"end":{"line":7,"column":1}}}},"branchMap":{},"s":{"0":0,"1":0,"2":0,"3":0},"f":{"0":0},"b":{}}
,"C:\\Users\\varsh\\Downloads\\skillswap-web\\skillswap.web\\src\\app\\wallet\\WalletClient.js": {"path":"C:\\Users\\varsh\\Downloads\\skillswap-web\\skillswap.web\\src\\app\\wallet\\WalletClient.js","statementMap":{"0":{"start":{"line":14,"column":24},"end":{"line":14,"column":null}},"1":{"start":{"line":3,"column":36},"end":{"line":3,"column":null}},"2":{"start":{"line":4,"column":18},"end":{"line":4,"column":null}},"3":{"start":{"line":5,"column":25},"end":{"line":5,"column":null}},"4":{"start":{"line":7,"column":15},"end":{"line":12,"column":null}},"5":{"start":{"line":15,"column":32},"end":{"line":15,"column":null}},"6":{"start":{"line":16,"column":22},"end":{"line":16,"column":null}},"7":{"start":{"line":17,"column":32},"end":{"line":17,"column":null}},"8":{"start":{"line":19,"column":2},"end":{"line":36,"column":null}},"9":{"start":{"line":21,"column":33},"end":{"line":21,"column":null}},"10":{"start":{"line":22,"column":6},"end":{"line":22,"column":null}},"11":{"start":{"line":22,"column":17},"end":{"line":22,"column":null}},"12":{"start":{"line":24,"column":26},"end":{"line":25,"column":null}},"13":{"start":{"line":26,"column":6},"end":{"line":26,"column":null}},"14":{"start":{"line":28,"column":26},"end":{"line":31,"column":null}},"15":{"start":{"line":32,"column":6},"end":{"line":32,"column":null}},"16":{"start":{"line":33,"column":6},"end":{"line":33,"column":null}},"17":{"start":{"line":35,"column":4},"end":{"line":35,"column":null}},"18":{"start":{"line":38,"column":17},"end":{"line":39,"column":null}},"19":{"start":{"line":38,"column":34},"end":{"line":38,"column":null}},"20":{"start":{"line":39,"column":22},"end":{"line":39,"column":34}},"21":{"start":{"line":40,"column":16},"end":{"line":41,"column":null}},"22":{"start":{"line":40,"column":33},"end":{"line":40,"column":null}},"23":{"start":{"line":41,"column":22},"end":{"line":41,"column":46}},"24":{"start":{"line":71,"column":16},"end":{"line":71,"column":32}}},"fnMap":{"0":{"name":"WalletClient","decl":{"start":{"line":14,"column":24},"end":{"line":14,"column":null}},"loc":{"start":{"line":14,"column":24},"end":{"line":94,"column":null}}},"1":{"name":"(anonymous_3)","decl":{"start":{"line":19,"column":12},"end":{"line":19,"column":null}},"loc":{"start":{"line":19,"column":12},"end":{"line":36,"column":5}}},"2":{"name":"load","decl":{"start":{"line":20,"column":19},"end":{"line":20,"column":null}},"loc":{"start":{"line":20,"column":19},"end":{"line":34,"column":null}}},"3":{"name":"(anonymous_5)","decl":{"start":{"line":38,"column":27},"end":{"line":38,"column":28}},"loc":{"start":{"line":38,"column":34},"end":{"line":38,"column":null}}},"4":{"name":"(anonymous_6)","decl":{"start":{"line":39,"column":12},"end":{"line":39,"column":13}},"loc":{"start":{"line":39,"column":22},"end":{"line":39,"column":34}}},"5":{"name":"(anonymous_7)","decl":{"start":{"line":40,"column":26},"end":{"line":40,"column":27}},"loc":{"start":{"line":40,"column":33},"end":{"line":40,"column":null}}},"6":{"name":"(anonymous_8)","decl":{"start":{"line":41,"column":12},"end":{"line":41,"column":13}},"loc":{"start":{"line":41,"column":22},"end":{"line":41,"column":46}}},"7":{"name":"(anonymous_9)","decl":{"start":{"line":70,"column":22},"end":{"line":70,"column":23}},"loc":{"start":{"line":71,"column":16},"end":{"line":71,"column":32}}}},"branchMap":{"0":{"loc":{"start":{"line":22,"column":6},"end":{"line":22,"column":null}},"type":"if","locations":[{"start":{"line":22,"column":6},"end":{"line":22,"column":null}}]},"1":{"loc":{"start":{"line":26,"column":17},"end":{"line":26,"column":null}},"type":"binary-expr","locations":[{"start":{"line":26,"column":17},"end":{"line":26,"column":36}},{"start":{"line":26,"column":36},"end":{"line":26,"column":null}}]},"2":{"loc":{"start":{"line":32,"column":12},"end":{"line":32,"column":19}},"type":"binary-expr","locations":[{"start":{"line":32,"column":12},"end":{"line":32,"column":17}},{"start":{"line":32,"column":17},"end":{"line":32,"column":19}}]},"3":{"loc":{"start":{"line":38,"column":34},"end":{"line":38,"column":null}},"type":"binary-expr","locations":[{"start":{"line":38,"column":34},"end":{"line":38,"column":50}},{"start":{"line":38,"column":50},"end":{"line":38,"column":null}}]},"4":{"loc":{"start":{"line":46,"column":8},"end":{"line":48,"column":null}},"type":"cond-expr","locations":[{"start":{"line":46,"column":8},"end":{"line":48,"column":null}}]},"5":{"loc":{"start":{"line":67,"column":12},"end":{"line":69,"column":13}},"type":"cond-expr","locations":[{"start":{"line":67,"column":12},"end":{"line":69,"column":13}}]},"6":{"loc":{"start":{"line":73,"column":56},"end":{"line":73,"column":80}},"type":"binary-expr","locations":[{"start":{"line":73,"column":56},"end":{"line":73,"column":70}},{"start":{"line":73,"column":74},"end":{"line":73,"column":80}}]},"7":{"loc":{"start":{"line":81,"column":23},"end":{"line":81,"column":73}},"type":"cond-expr","locations":[{"start":{"line":81,"column":39},"end":{"line":81,"column":60}},{"start":{"line":81,"column":60},"end":{"line":81,"column":73}}]},"8":{"loc":{"start":{"line":84,"column":21},"end":{"line":84,"column":47}},"type":"cond-expr","locations":[{"start":{"line":84,"column":37},"end":{"line":84,"column":43}},{"start":{"line":84,"column":43},"end":{"line":84,"column":47}}]}},"s":{"0":0,"1":0,"2":0,"3":0,"4":0,"5":0,"6":0,"7":0,"8":0,"9":0,"10":0,"11":0,"12":0,"13":0,"14":0,"15":0,"16":0,"17":0,"18":0,"19":0,"20":0,"21":0,"22":0,"23":0,"24":0},"f":{"0":0,"1":0,"2":0,"3":0,"4":0,"5":0,"6":0,"7":0},"b":{"0":[0],"1":[0,0],"2":[0,0],"3":[0,0],"4":[0],"5":[0],"6":[0,0],"7":[0,0],"8":[0,0]}}
,"C:\\Users\\varsh\\Downloads\\skillswap-web\\skillswap.web\\src\\app\\wallet\\page.js": {"path":"C:\\Users\\varsh\\Downloads\\skillswap-web\\skillswap.web\\src\\app\\wallet\\page.js","statementMap":{"0":{"start":{"line":5,"column":24},"end":{"line":5,"column":null}},"1":{"start":{"line":3,"column":13},"end":{"line":3,"column":20}},"2":{"start":{"line":1,"column":25},"end":{"line":1,"column":null}},"3":{"start":{"line":3,"column":23},"end":{"line":3,"column":null}},"4":{"start":{"line":6,"column":2},"end":{"line":6,"column":null}}},"fnMap":{"0":{"name":"WalletPage","decl":{"start":{"line":5,"column":24},"end":{"line":5,"column":null}},"loc":{"start":{"line":5,"column":24},"end":{"line":7,"column":1}}}},"branchMap":{},"s":{"0":0,"1":0,"2":0,"3":0,"4":0},"f":{"0":0},"b":{}}
,"C:\\Users\\varsh\\Downloads\\skillswap-web\\skillswap.web\\src\\components\\NavBar.js": {"path":"C:\\Users\\varsh\\Downloads\\skillswap-web\\skillswap.web\\src\\components\\NavBar.js","statementMap":{"0":{"start":{"line":16,"column":24},"end":{"line":16,"column":null}},"1":{"start":{"line":3,"column":17},"end":{"line":3,"column":null}},"2":{"start":{"line":4,"column":36},"end":{"line":4,"column":null}},"3":{"start":{"line":5,"column":39},"end":{"line":5,"column":null}},"4":{"start":{"line":6,"column":25},"end":{"line":6,"column":null}},"5":{"start":{"line":8,"column":14},"end":{"line":14,"column":null}},"6":{"start":{"line":17,"column":17},"end":{"line":17,"column":null}},"7":{"start":{"line":18,"column":19},"end":{"line":18,"column":null}},"8":{"start":{"line":19,"column":32},"end":{"line":19,"column":null}},"9":{"start":{"line":21,"column":2},"end":{"line":35,"column":null}},"10":{"start":{"line":22,"column":17},"end":{"line":22,"column":null}},"11":{"start":{"line":24,"column":33},"end":{"line":24,"column":null}},"12":{"start":{"line":25,"column":6},"end":{"line":25,"column":null}},"13":{"start":{"line":25,"column":17},"end":{"line":25,"column":null}},"14":{"start":{"line":26,"column":23},"end":{"line":30,"column":null}},"15":{"start":{"line":31,"column":6},"end":{"line":31,"column":null}},"16":{"start":{"line":31,"column":26},"end":{"line":31,"column":null}},"17":{"start":{"line":33,"column":4},"end":{"line":33,"column":null}},"18":{"start":{"line":34,"column":4},"end":{"line":34,"column":null}},"19":{"start":{"line":34,"column":19},"end":{"line":34,"column":35}},"20":{"start":{"line":38,"column":4},"end":{"line":38,"column":null}},"21":{"start":{"line":39,"column":4},"end":{"line":39,"column":null}},"22":{"start":{"line":40,"column":4},"end":{"line":40,"column":null}},"23":{"start":{"line":52,"column":12},"end":{"line":53,"column":null}},"24":{"start":{"line":79,"column":10},"end":{"line":80,"column":null}}},"fnMap":{"0":{"name":"NavBar","decl":{"start":{"line":16,"column":24},"end":{"line":16,"column":null}},"loc":{"start":{"line":16,"column":24},"end":{"line":93,"column":null}}},"1":{"name":"(anonymous_3)","decl":{"start":{"line":21,"column":12},"end":{"line":21,"column":null}},"loc":{"start":{"line":21,"column":12},"end":{"line":35,"column":5}}},"2":{"name":"load","decl":{"start":{"line":23,"column":19},"end":{"line":23,"column":null}},"loc":{"start":{"line":23,"column":19},"end":{"line":32,"column":null}}},"3":{"name":"(anonymous_5)","decl":{"start":{"line":34,"column":11},"end":{"line":34,"column":19}},"loc":{"start":{"line":34,"column":11},"end":{"line":34,"column":null}}},"4":{"name":"signOut","decl":{"start":{"line":37,"column":17},"end":{"line":37,"column":null}},"loc":{"start":{"line":37,"column":17},"end":{"line":41,"column":null}}},"5":{"name":"(anonymous_7)","decl":{"start":{"line":51,"column":21},"end":{"line":51,"column":22}},"loc":{"start":{"line":52,"column":12},"end":{"line":53,"column":null}}},"6":{"name":"(anonymous_8)","decl":{"start":{"line":78,"column":19},"end":{"line":78,"column":20}},"loc":{"start":{"line":79,"column":10},"end":{"line":80,"column":null}}}},"branchMap":{"0":{"loc":{"start":{"line":25,"column":6},"end":{"line":25,"column":null}},"type":"if","locations":[{"start":{"line":25,"column":6},"end":{"line":25,"column":null}}]},"1":{"loc":{"start":{"line":31,"column":6},"end":{"line":31,"column":null}},"type":"if","locations":[{"start":{"line":31,"column":6},"end":{"line":31,"column":null}}]},"2":{"loc":{"start":{"line":31,"column":10},"end":{"line":31,"column":26}},"type":"binary-expr","locations":[{"start":{"line":31,"column":10},"end":{"line":31,"column":20}},{"start":{"line":31,"column":20},"end":{"line":31,"column":26}}]},"3":{"loc":{"start":{"line":57,"column":17},"end":{"line":59,"column":52}},"type":"cond-expr","locations":[{"start":{"line":58,"column":20},"end":{"line":58,"column":null}},{"start":{"line":59,"column":20},"end":{"line":59,"column":52}}]},"4":{"loc":{"start":{"line":68,"column":11},"end":{"line":68,"column":null}},"type":"binary-expr","locations":[{"start":{"line":68,"column":11},"end":{"line":68,"column":null}}]},"5":{"loc":{"start":{"line":84,"column":15},"end":{"line":84,"column":75}},"type":"cond-expr","locations":[{"start":{"line":84,"column":37},"end":{"line":84,"column":60}},{"start":{"line":84,"column":60},"end":{"line":84,"column":75}}]}},"s":{"0":1,"1":1,"2":1,"3":1,"4":1,"5":1,"6":2,"7":2,"8":2,"9":2,"10":1,"11":1,"12":1,"13":0,"14":1,"15":1,"16":1,"17":1,"18":1,"19":1,"20":0,"21":0,"22":0,"23":10,"24":10},"f":{"0":2,"1":1,"2":1,"3":1,"4":0,"5":10,"6":10},"b":{"0":[0],"1":[1],"2":[1,1],"3":[0,10],"4":[2],"5":[0,10]}}
,"C:\\Users\\varsh\\Downloads\\skillswap-web\\skillswap.web\\src\\components\\Shell.js": {"path":"C:\\Users\\varsh\\Downloads\\skillswap-web\\skillswap.web\\src\\components\\Shell.js","statementMap":{"0":{"start":{"line":3,"column":24},"end":{"line":3,"column":30}},"1":{"start":{"line":1,"column":19},"end":{"line":1,"column":null}}},"fnMap":{"0":{"name":"Shell","decl":{"start":{"line":3,"column":24},"end":{"line":3,"column":30}},"loc":{"start":{"line":3,"column":59},"end":{"line":18,"column":null}}}},"branchMap":{"0":{"loc":{"start":{"line":8,"column":9},"end":{"line":8,"column":null}},"type":"binary-expr","locations":[{"start":{"line":8,"column":9},"end":{"line":8,"column":null}}]},"1":{"loc":{"start":{"line":11,"column":13},"end":{"line":11,"column":25}},"type":"binary-expr","locations":[{"start":{"line":11,"column":13},"end":{"line":11,"column":25}}]}},"s":{"0":1,"1":1},"f":{"0":1},"b":{"0":[1],"1":[1]}}
,"C:\\Users\\varsh\\Downloads\\skillswap-web\\skillswap.web\\src\\components\\SkillPicker.js": {"path":"C:\\Users\\varsh\\Downloads\\skillswap-web\\skillswap.web\\src\\components\\SkillPicker.js","statementMap":{"0":{"start":{"line":5,"column":24},"end":{"line":5,"column":36}},"1":{"start":{"line":3,"column":25},"end":{"line":3,"column":null}},"2":{"start":{"line":6,"column":26},"end":{"line":6,"column":null}},"3":{"start":{"line":9,"column":18},"end":{"line":9,"column":null}},"4":{"start":{"line":10,"column":4},"end":{"line":10,"column":null}},"5":{"start":{"line":10,"column":16},"end":{"line":10,"column":null}},"6":{"start":{"line":11,"column":4},"end":{"line":11,"column":null}},"7":{"start":{"line":11,"column":29},"end":{"line":11,"column":null}},"8":{"start":{"line":12,"column":4},"end":{"line":15,"column":null}},"9":{"start":{"line":13,"column":6},"end":{"line":13,"column":null}},"10":{"start":{"line":14,"column":6},"end":{"line":14,"column":null}},"11":{"start":{"line":16,"column":4},"end":{"line":16,"column":null}},"12":{"start":{"line":17,"column":4},"end":{"line":17,"column":null}},"13":{"start":{"line":21,"column":4},"end":{"line":21,"column":null}},"14":{"start":{"line":21,"column":33},"end":{"line":21,"column":null}},"15":{"start":{"line":33,"column":27},"end":{"line":33,"column":null}},"16":{"start":{"line":35,"column":12},"end":{"line":38,"column":null}},"17":{"start":{"line":36,"column":14},"end":{"line":36,"column":null}},"18":{"start":{"line":37,"column":14},"end":{"line":37,"column":null}},"19":{"start":{"line":50,"column":12},"end":{"line":50,"column":26}},"20":{"start":{"line":52,"column":37},"end":{"line":52,"column":48}}},"fnMap":{"0":{"name":"SkillPicker","decl":{"start":{"line":5,"column":24},"end":{"line":5,"column":36}},"loc":{"start":{"line":5,"column":77},"end":{"line":61,"column":null}}},"1":{"name":"add","decl":{"start":{"line":8,"column":11},"end":{"line":8,"column":null}},"loc":{"start":{"line":8,"column":11},"end":{"line":18,"column":null}}},"2":{"name":"remove","decl":{"start":{"line":20,"column":11},"end":{"line":20,"column":18}},"loc":{"start":{"line":20,"column":23},"end":{"line":22,"column":null}}},"3":{"name":"(anonymous_4)","decl":{"start":{"line":21,"column":26},"end":{"line":21,"column":27}},"loc":{"start":{"line":21,"column":33},"end":{"line":21,"column":null}}},"4":{"name":"(anonymous_5)","decl":{"start":{"line":33,"column":20},"end":{"line":33,"column":21}},"loc":{"start":{"line":33,"column":27},"end":{"line":33,"column":null}}},"5":{"name":"(anonymous_6)","decl":{"start":{"line":34,"column":21},"end":{"line":34,"column":22}},"loc":{"start":{"line":34,"column":22},"end":{"line":39,"column":null}}},"6":{"name":"(anonymous_7)","decl":{"start":{"line":49,"column":21},"end":{"line":49,"column":22}},"loc":{"start":{"line":50,"column":12},"end":{"line":50,"column":26}}},"7":{"name":"(anonymous_8)","decl":{"start":{"line":52,"column":31},"end":{"line":52,"column":37}},"loc":{"start":{"line":52,"column":37},"end":{"line":52,"column":48}}}},"branchMap":{"0":{"loc":{"start":{"line":5,"column":68},"end":{"line":5,"column":75}},"type":"default-arg","locations":[{"start":{"line":5,"column":74},"end":{"line":5,"column":75}}]},"1":{"loc":{"start":{"line":10,"column":4},"end":{"line":10,"column":null}},"type":"if","locations":[{"start":{"line":10,"column":4},"end":{"line":10,"column":null}}]},"2":{"loc":{"start":{"line":11,"column":4},"end":{"line":11,"column":null}},"type":"if","locations":[{"start":{"line":11,"column":4},"end":{"line":11,"column":null}}]},"3":{"loc":{"start":{"line":12,"column":4},"end":{"line":15,"column":null}},"type":"if","locations":[{"start":{"line":12,"column":4},"end":{"line":15,"column":null}}]},"4":{"loc":{"start":{"line":35,"column":12},"end":{"line":38,"column":null}},"type":"if","locations":[{"start":{"line":35,"column":12},"end":{"line":38,"column":null}}]},"5":{"loc":{"start":{"line":47,"column":7},"end":{"line":47,"column":null}},"type":"binary-expr","locations":[{"start":{"line":47,"column":7},"end":{"line":47,"column":null}}]}},"s":{"0":0,"1":0,"2":0,"3":0,"4":0,"5":0,"6":0,"7":0,"8":0,"9":0,"10":0,"11":0,"12":0,"13":0,"14":0,"15":0,"16":0,"17":0,"18":0,"19":0,"20":0},"f":{"0":0,"1":0,"2":0,"3":0,"4":0,"5":0,"6":0,"7":0},"b":{"0":[0],"1":[0],"2":[0],"3":[0],"4":[0],"5":[0]}}
,"C:\\Users\\varsh\\Downloads\\skillswap-web\\skillswap.web\\src\\lib\\supabaseClient.js": {"path":"C:\\Users\\varsh\\Downloads\\skillswap-web\\skillswap.web\\src\\lib\\supabaseClient.js","statementMap":{"0":{"start":{"line":5,"column":13},"end":{"line":5,"column":24}},"1":{"start":{"line":3,"column":36},"end":{"line":3,"column":null}},"2":{"start":{"line":5,"column":24},"end":{"line":7,"column":null}}},"fnMap":{},"branchMap":{},"s":{"0":0,"1":0,"2":0},"f":{},"b":{}}
}
