TN:
SF:src\middleware.js
FN:6,middleware
FN:14,(anonymous_4)
FN:17,(anonymous_5)
FN:18,(anonymous_6)
FN:20,(anonymous_7)
FN:33,(anonymous_8)
FNF:6
FNH:0
FNDA:0,middleware
FNDA:0,(anonymous_4)
FNDA:0,(anonymous_5)
FNDA:0,(anonymous_6)
FNDA:0,(anonymous_7)
FNDA:0,(anonymous_8)
DA:1,0
DA:2,0
DA:4,0
DA:6,0
DA:7,0
DA:9,0
DA:15,0
DA:18,0
DA:19,0
DA:20,0
DA:21,0
DA:30,0
DA:32,0
DA:33,0
DA:35,0
DA:36,0
DA:37,0
DA:38,0
DA:41,0
DA:42,0
DA:43,0
DA:44,0
DA:47,0
DA:50,0
LF:24
LH:0
BRDA:35,0,0,0
BRDA:35,1,0,0
BRDA:35,1,1,0
BRDA:41,2,0,0
BRDA:41,3,0,0
BRDA:41,3,1,0
BRF:6
BRH:0
end_of_record
TN:
SF:src\app\layout.js
FN:8,RootLayout
FNF:1
FNH:0
FNDA:0,RootLayout
DA:1,0
DA:3,0
DA:8,0
LF:3
LH:0
BRF:0
BRH:0
end_of_record
TN:
SF:src\app\page.js
FN:11,LandingPage
FN:42,(anonymous_5)
FNF:2
FNH:2
FNDA:2,LandingPage
FNDA:6,(anonymous_5)
DA:1,1
DA:3,1
DA:5,1
DA:11,2
DA:43,6
LF:5
LH:5
BRF:0
BRH:0
end_of_record
TN:
SF:src\app\browse\BrowseClient.js
FN:8,BrowseClient
FN:13,(anonymous_3)
FN:14,load
FN:22,(anonymous_5)
FN:28,(anonymous_6)
FN:32,(anonymous_7)
FN:34,(anonymous_8)
FN:43,(anonymous_9)
FN:55,(anonymous_10)
FN:72,(anonymous_11)
FNF:10
FNH:0
FNDA:0,BrowseClient
FNDA:0,(anonymous_3)
FNDA:0,load
FNDA:0,(anonymous_5)
FNDA:0,(anonymous_6)
FNDA:0,(anonymous_7)
FNDA:0,(anonymous_8)
FNDA:0,(anonymous_9)
FNDA:0,(anonymous_10)
FNDA:0,(anonymous_11)
DA:3,0
DA:4,0
DA:5,0
DA:6,0
DA:8,0
DA:9,0
DA:10,0
DA:11,0
DA:13,0
DA:15,0
DA:16,0
DA:17,0
DA:22,0
DA:23,0
DA:25,0
DA:28,0
DA:29,0
DA:30,0
DA:31,0
DA:33,0
DA:34,0
DA:43,0
DA:56,0
DA:73,0
LF:24
LH:0
BRDA:16,0,0,0
BRDA:22,1,0,0
BRDA:22,1,1,0
BRDA:22,2,0,0
BRDA:22,2,1,0
BRDA:30,3,0,0
BRDA:33,4,0,0
BRDA:33,4,1,0
BRDA:33,5,0,0
BRDA:33,5,1,0
BRDA:34,6,0,0
BRDA:34,6,1,0
BRDA:48,7,0,0
BRDA:50,8,0,0
BRDA:68,9,0,0
BRDA:72,10,0,0
BRDA:72,10,1,0
BRF:17
BRH:0
end_of_record
TN:
SF:src\app\browse\page.js
FN:5,BrowsePage
FNF:1
FNH:0
FNDA:0,BrowsePage
DA:1,0
DA:3,0
DA:5,0
DA:6,0
LF:4
LH:0
BRF:0
BRH:0
end_of_record
TN:
SF:src\app\dashboard\DashboardClient.js
FN:8,DashboardClient
FN:14,(anonymous_3)
FN:15,load
FN:90,(anonymous_5)
FNF:4
FNH:0
FNDA:0,DashboardClient
FNDA:0,(anonymous_3)
FNDA:0,load
FNDA:0,(anonymous_5)
DA:3,0
DA:4,0
DA:5,0
DA:6,0
DA:8,0
DA:9,0
DA:10,0
DA:11,0
DA:12,0
DA:14,0
DA:16,0
DA:17,0
DA:19,0
DA:21,0
DA:23,0
DA:28,0
DA:30,0
DA:35,0
DA:37,0
DA:39,0
DA:42,0
DA:46,0
DA:91,0
LF:23
LH:0
BRDA:17,0,0,0
BRDA:28,1,0,0
BRDA:28,1,1,0
BRDA:35,2,0,0
BRDA:35,2,1,0
BRDA:42,3,0,0
BRDA:49,4,0,0
BRDA:49,4,1,0
BRDA:50,5,0,0
BRDA:65,6,0,0
BRDA:65,6,1,0
BRDA:70,7,0,0
BRDA:70,7,1,0
BRDA:84,8,0,0
BRDA:95,9,0,0
BRDA:95,9,1,0
BRF:16
BRH:0
end_of_record
TN:
SF:src\app\dashboard\page.js
FN:5,DashboardPage
FNF:1
FNH:0
FNDA:0,DashboardPage
DA:1,0
DA:3,0
DA:5,0
DA:6,0
LF:4
LH:0
BRF:0
BRH:0
end_of_record
TN:
SF:src\app\login\LoginClient.js
FN:8,LoginClient
FN:17,submit
FN:56,(anonymous_4)
FN:62,(anonymous_5)
FN:75,(anonymous_6)
FN:87,(anonymous_7)
FN:98,(anonymous_8)
FN:99,(anonymous_9)
FNF:8
FNH:0
FNDA:0,LoginClient
FNDA:0,submit
FNDA:0,(anonymous_4)
FNDA:0,(anonymous_5)
FNDA:0,(anonymous_6)
FNDA:0,(anonymous_7)
FNDA:0,(anonymous_8)
FNDA:0,(anonymous_9)
DA:3,0
DA:4,0
DA:5,0
DA:6,0
DA:8,0
DA:9,0
DA:10,0
DA:11,0
DA:12,0
DA:13,0
DA:14,0
DA:15,0
DA:18,0
DA:19,0
DA:20,0
DA:21,0
DA:23,0
DA:24,0
DA:25,0
DA:26,0
DA:31,0
DA:32,0
DA:34,0
DA:35,0
DA:36,0
DA:38,0
DA:40,0
DA:42,0
DA:56,0
DA:62,0
DA:75,0
DA:87,0
DA:98,0
DA:99,0
LF:34
LH:0
BRDA:19,0,0,0
BRDA:19,1,0,0
BRDA:19,1,1,0
BRDA:20,2,0,0
BRDA:21,3,0,0
BRDA:21,4,0,0
BRDA:21,4,1,0
BRDA:25,5,0,0
BRDA:25,5,1,0
BRDA:31,6,0,0
BRDA:35,7,0,0
BRDA:40,8,0,0
BRDA:40,8,1,0
BRDA:57,9,0,0
BRDA:57,9,1,0
BRDA:63,10,0,0
BRDA:63,10,1,0
BRDA:69,11,0,0
BRDA:99,12,0,0
BRDA:99,12,1,0
BRDA:104,13,0,0
BRDA:107,14,0,0
BRDA:107,14,1,0
BRDA:107,15,0,0
BRDA:107,15,1,0
BRDA:110,16,0,0
BRF:26
BRH:0
end_of_record
TN:
SF:src\app\login\page.js
FN:5,LoginPage
FNF:1
FNH:0
FNDA:0,LoginPage
DA:1,0
DA:3,0
DA:5,0
DA:6,0
LF:4
LH:0
BRF:0
BRH:0
end_of_record
TN:
SF:src\app\profile\ProfileClient.js
FN:9,ProfileClient
FN:22,(anonymous_3)
FN:23,load
FN:44,save
FN:80,(anonymous_6)
FN:88,(anonymous_7)
FN:101,(anonymous_8)
FNF:7
FNH:0
FNDA:0,ProfileClient
FNDA:0,(anonymous_3)
FNDA:0,load
FNDA:0,save
FNDA:0,(anonymous_6)
FNDA:0,(anonymous_7)
FNDA:0,(anonymous_8)
DA:3,0
DA:4,0
DA:5,0
DA:6,0
DA:7,0
DA:9,0
DA:10,0
DA:11,0
DA:12,0
DA:13,0
DA:14,0
DA:16,0
DA:17,0
DA:18,0
DA:19,0
DA:20,0
DA:22,0
DA:24,0
DA:25,0
DA:26,0
DA:31,0
DA:32,0
DA:33,0
DA:34,0
DA:35,0
DA:36,0
DA:37,0
DA:39,0
DA:41,0
DA:45,0
DA:46,0
DA:47,0
DA:48,0
DA:49,0
DA:50,0
DA:52,0
DA:53,0
DA:54,0
DA:64,0
DA:66,0
DA:67,0
DA:68,0
DA:71,0
DA:80,0
DA:88,0
DA:101,0
LF:46
LH:0
BRDA:25,0,0,0
BRDA:31,1,0,0
BRDA:32,2,0,0
BRDA:33,3,0,0
BRDA:33,3,1,0
BRDA:34,4,0,0
BRDA:34,4,1,0
BRDA:36,5,0,0
BRDA:36,5,1,0
BRDA:37,6,0,0
BRDA:37,6,1,0
BRDA:47,7,0,0
BRDA:49,8,0,0
BRDA:49,9,0,0
BRDA:49,9,1,0
BRDA:49,9,2,0
BRDA:66,10,0,0
BRDA:71,11,0,0
BRDA:119,12,0,0
BRDA:120,13,0,0
BRDA:123,14,0,0
BRDA:123,14,1,0
BRF:22
BRH:0
end_of_record
TN:
SF:src\app\profile\page.js
FN:5,ProfilePage
FNF:1
FNH:0
FNDA:0,ProfilePage
DA:1,0
DA:3,0
DA:5,0
DA:6,0
LF:4
LH:0
BRF:0
BRH:0
end_of_record
TN:
SF:src\app\sessions\SessionsClient.js
FN:14,SessionsClient
FN:24,load
FN:37,(anonymous_4)
FN:38,(anonymous_5)
FN:44,(anonymous_6)
FN:50,(anonymous_7)
FN:52,respond
FN:66,confirm
FN:75,(anonymous_10)
FN:84,(anonymous_11)
FN:85,(anonymous_12)
FN:89,(anonymous_13)
FN:104,(anonymous_14)
FN:148,(anonymous_15)
FN:153,(anonymous_16)
FN:160,(anonymous_17)
FN:183,(anonymous_18)
FNF:17
FNH:0
FNDA:0,SessionsClient
FNDA:0,load
FNDA:0,(anonymous_4)
FNDA:0,(anonymous_5)
FNDA:0,(anonymous_6)
FNDA:0,(anonymous_7)
FNDA:0,respond
FNDA:0,confirm
FNDA:0,(anonymous_10)
FNDA:0,(anonymous_11)
FNDA:0,(anonymous_12)
FNDA:0,(anonymous_13)
FNDA:0,(anonymous_14)
FNDA:0,(anonymous_15)
FNDA:0,(anonymous_16)
FNDA:0,(anonymous_17)
FNDA:0,(anonymous_18)
DA:3,0
DA:4,0
DA:5,0
DA:7,0
DA:14,0
DA:15,0
DA:16,0
DA:17,0
DA:18,0
DA:19,0
DA:20,0
DA:21,0
DA:22,0
DA:25,0
DA:26,0
DA:27,0
DA:29,0
DA:33,0
DA:34,0
DA:36,0
DA:37,0
DA:38,0
DA:40,0
DA:41,0
DA:43,0
DA:44,0
DA:45,0
DA:47,0
DA:50,0
DA:53,0
DA:54,0
DA:55,0
DA:60,0
DA:61,0
DA:62,0
DA:63,0
DA:67,0
DA:68,0
DA:69,0
DA:70,0
DA:71,0
DA:72,0
DA:75,0
DA:77,0
DA:85,0
DA:86,0
DA:89,0
DA:105,0
DA:106,0
DA:107,0
DA:108,0
DA:110,0
DA:148,0
DA:153,0
DA:160,0
DA:183,0
LF:56
LH:0
BRDA:26,0,0,0
BRDA:33,1,0,0
BRDA:33,1,1,0
BRDA:40,2,0,0
BRDA:44,3,0,0
BRDA:44,3,1,0
BRDA:58,4,0,0
BRDA:58,4,1,0
BRDA:62,5,0,0
BRDA:71,6,0,0
BRDA:77,7,0,0
BRDA:90,8,0,0
BRDA:90,8,1,0
BRDA:98,9,0,0
BRDA:101,10,0,0
BRDA:106,11,0,0
BRDA:106,11,1,0
BRDA:106,12,0,0
BRDA:106,12,1,0
BRDA:107,13,0,0
BRDA:107,13,1,0
BRDA:108,14,0,0
BRDA:108,14,1,0
BRDA:116,15,0,0
BRDA:116,15,1,0
BRDA:120,16,0,0
BRDA:120,16,1,0
BRDA:124,17,0,0
BRDA:129,18,0,0
BRDA:132,19,0,0
BRDA:143,20,0,0
BRDA:143,20,1,0
BRDA:170,21,0,0
BRDA:170,21,1,0
BRDA:176,22,0,0
BRDA:179,23,0,0
BRDA:179,23,1,0
BRDA:180,24,0,0
BRDA:180,24,1,0
BRDA:184,25,0,0
BRDA:184,25,1,0
BRDA:187,26,0,0
BRDA:187,26,1,0
BRDA:192,27,0,0
BRDA:194,28,0,0
BRDA:194,28,1,0
BRDA:198,29,0,0
BRDA:200,30,0,0
BRDA:200,30,1,0
BRF:49
BRH:0
end_of_record
TN:
SF:src\app\sessions\page.js
FN:5,SessionsPage
FNF:1
FNH:0
FNDA:0,SessionsPage
DA:1,0
DA:3,0
DA:5,0
DA:6,0
LF:4
LH:0
BRF:0
BRH:0
end_of_record
TN:
SF:src\app\teacher\[id]\TeacherClient.js
FN:8,TeacherClient
FN:20,(anonymous_3)
FN:21,load
FN:38,request
FN:79,(anonymous_6)
FN:88,(anonymous_7)
FN:101,(anonymous_8)
FN:102,(anonymous_9)
FN:114,(anonymous_10)
FN:123,(anonymous_11)
FNF:10
FNH:0
FNDA:0,TeacherClient
FNDA:0,(anonymous_3)
FNDA:0,load
FNDA:0,request
FNDA:0,(anonymous_6)
FNDA:0,(anonymous_7)
FNDA:0,(anonymous_8)
FNDA:0,(anonymous_9)
FNDA:0,(anonymous_10)
FNDA:0,(anonymous_11)
DA:3,0
DA:4,0
DA:5,0
DA:6,0
DA:8,0
DA:9,0
DA:10,0
DA:11,0
DA:12,0
DA:14,0
DA:15,0
DA:16,0
DA:17,0
DA:18,0
DA:20,0
DA:22,0
DA:23,0
DA:25,0
DA:27,0
DA:29,0
DA:31,0
DA:32,0
DA:33,0
DA:35,0
DA:39,0
DA:40,0
DA:41,0
DA:42,0
DA:49,0
DA:50,0
DA:51,0
DA:52,0
DA:58,0
DA:80,0
DA:89,0
DA:101,0
DA:103,0
DA:114,0
DA:123,0
LF:39
LH:0
BRDA:23,0,0,0
BRDA:27,1,0,0
BRDA:27,1,1,0
BRDA:32,2,0,0
BRDA:32,2,1,0
BRDA:32,3,0,0
BRDA:32,3,1,0
BRDA:40,4,0,0
BRDA:46,5,0,0
BRDA:46,5,1,0
BRDA:50,6,0,0
BRDA:75,7,0,0
BRDA:79,8,0,0
BRDA:79,8,1,0
BRDA:84,9,0,0
BRDA:84,10,0,0
BRDA:84,10,1,0
BRDA:102,11,0,0
BRDA:102,11,1,0
BRDA:135,12,0,0
BRDA:137,13,0,0
BRDA:137,13,1,0
BRDA:138,14,0,0
BRDA:138,14,1,0
BRDA:140,15,0,0
BRDA:140,15,1,0
BRF:26
BRH:0
end_of_record
TN:
SF:src\app\teacher\[id]\page.js
FN:5,TeacherPage
FNF:1
FNH:0
FNDA:0,TeacherPage
DA:1,0
DA:3,0
DA:5,0
LF:3
LH:0
BRF:0
BRH:0
end_of_record
TN:
SF:src\app\wallet\WalletClient.js
FN:14,WalletClient
FN:19,(anonymous_3)
FN:20,load
FN:38,(anonymous_5)
FN:39,(anonymous_6)
FN:40,(anonymous_7)
FN:41,(anonymous_8)
FN:70,(anonymous_9)
FNF:8
FNH:0
FNDA:0,WalletClient
FNDA:0,(anonymous_3)
FNDA:0,load
FNDA:0,(anonymous_5)
FNDA:0,(anonymous_6)
FNDA:0,(anonymous_7)
FNDA:0,(anonymous_8)
FNDA:0,(anonymous_9)
DA:3,0
DA:4,0
DA:5,0
DA:7,0
DA:14,0
DA:15,0
DA:16,0
DA:17,0
DA:19,0
DA:21,0
DA:22,0
DA:24,0
DA:26,0
DA:28,0
DA:32,0
DA:33,0
DA:35,0
DA:38,0
DA:39,0
DA:40,0
DA:41,0
DA:71,0
LF:22
LH:0
BRDA:22,0,0,0
BRDA:26,1,0,0
BRDA:26,1,1,0
BRDA:32,2,0,0
BRDA:32,2,1,0
BRDA:38,3,0,0
BRDA:38,3,1,0
BRDA:46,4,0,0
BRDA:67,5,0,0
BRDA:73,6,0,0
BRDA:73,6,1,0
BRDA:81,7,0,0
BRDA:81,7,1,0
BRDA:84,8,0,0
BRDA:84,8,1,0
BRF:15
BRH:0
end_of_record
TN:
SF:src\app\wallet\page.js
FN:5,WalletPage
FNF:1
FNH:0
FNDA:0,WalletPage
DA:1,0
DA:3,0
DA:5,0
DA:6,0
LF:4
LH:0
BRF:0
BRH:0
end_of_record
TN:
SF:src\components\NavBar.js
FN:16,NavBar
FN:21,(anonymous_3)
FN:23,load
FN:34,(anonymous_5)
FN:37,signOut
FN:51,(anonymous_7)
FN:78,(anonymous_8)
FNF:7
FNH:6
FNDA:2,NavBar
FNDA:1,(anonymous_3)
FNDA:1,load
FNDA:1,(anonymous_5)
FNDA:0,signOut
FNDA:10,(anonymous_7)
FNDA:10,(anonymous_8)
DA:3,1
DA:4,1
DA:5,1
DA:6,1
DA:8,1
DA:16,1
DA:17,2
DA:18,2
DA:19,2
DA:21,2
DA:22,1
DA:24,1
DA:25,1
DA:26,1
DA:31,1
DA:33,1
DA:34,1
DA:38,0
DA:39,0
DA:40,0
DA:52,10
DA:79,10
LF:22
LH:19
BRDA:25,0,0,0
BRDA:31,1,0,1
BRDA:31,2,0,1
BRDA:31,2,1,1
BRDA:57,3,0,0
BRDA:57,3,1,10
BRDA:68,4,0,2
BRDA:84,5,0,0
BRDA:84,5,1,10
BRF:9
BRH:6
end_of_record
TN:
SF:src\components\Shell.js
FN:3,Shell
FNF:1
FNH:1
FNDA:1,Shell
DA:1,1
DA:3,1
LF:2
LH:2
BRDA:8,0,0,1
BRDA:11,1,0,1
BRF:2
BRH:2
end_of_record
TN:
SF:src\components\SkillPicker.js
FN:5,SkillPicker
FN:8,add
FN:20,remove
FN:21,(anonymous_4)
FN:33,(anonymous_5)
FN:34,(anonymous_6)
FN:49,(anonymous_7)
FN:52,(anonymous_8)
FNF:8
FNH:0
FNDA:0,SkillPicker
FNDA:0,add
FNDA:0,remove
FNDA:0,(anonymous_4)
FNDA:0,(anonymous_5)
FNDA:0,(anonymous_6)
FNDA:0,(anonymous_7)
FNDA:0,(anonymous_8)
DA:3,0
DA:5,0
DA:6,0
DA:9,0
DA:10,0
DA:11,0
DA:12,0
DA:13,0
DA:14,0
DA:16,0
DA:17,0
DA:21,0
DA:33,0
DA:35,0
DA:36,0
DA:37,0
DA:50,0
DA:52,0
LF:18
LH:0
BRDA:5,0,0,0
BRDA:10,1,0,0
BRDA:11,2,0,0
BRDA:12,3,0,0
BRDA:35,4,0,0
BRDA:47,5,0,0
BRF:6
BRH:0
end_of_record
TN:
SF:src\lib\supabaseClient.js
FNF:0
FNH:0
DA:3,0
DA:5,0
LF:2
LH:0
BRF:0
BRH:0
end_of_record
